Class 0: 2700 members
Class 1: 2700 members
Class 2: 2700 members
Class 3: 2250 members
Class 4: 2250 members
Class 5: 1800 members
Class 6: 2250 members
Class 7: 2700 members
Class 8: 2250 members
Class 9: 2700 members
MPS available

[i] Epoch: 0 | Batch: 48/48 [######### ] | Loss: 2.2665 | Batch Time: 4.36s (lr=0.0025) | Accuracy: 17.73%
        [t] Epoch 0 completed in 84.40 seconds |  Loss: 2.2826 | Accuracy: 17.73%
        [>] Test Loss: 2.2754 | Test Accuracy: 22.96%
[i] Epoch: 1 | Batch: 48/48 [######### ] | Loss: 2.2443 | Batch Time: 0.69s (lr=0.0025) | Accuracy: 28.02%
        [t] Epoch 1 completed in 74.63 seconds |  Loss: 2.2597 | Accuracy: 28.02%
        [>] Test Loss: 2.2521 | Test Accuracy: 30.59%
[i] Epoch: 2 | Batch: 48/48 [######### ] | Loss: 2.2128 | Batch Time: 0.59s (lr=0.0025) | Accuracy: 31.36%
        [t] Epoch 2 completed in 72.85 seconds |  Loss: 2.2310 | Accuracy: 31.36%
        [>] Test Loss: 2.2256 | Test Accuracy: 30.56%
[i] Epoch: 3 | Batch: 48/48 [######### ] | Loss: 2.1626 | Batch Time: 1.41s (lr=0.0025) | Accuracy: 32.13%
        [t] Epoch 3 completed in 65.30 seconds |  Loss: 2.1966 | Accuracy: 32.13%
        [>] Test Loss: 2.1946 | Test Accuracy: 34.33%
[i] Epoch: 4 | Batch: 48/48 [######### ] | Loss: 2.1635 | Batch Time: 0.76s (lr=0.0025) | Accuracy: 38.44%
        [t] Epoch 4 completed in 60.70 seconds |  Loss: 2.1585 | Accuracy: 38.44%
        [>] Test Loss: 2.1635 | Test Accuracy: 37.00%
[i] Epoch: 5 | Batch: 48/48 [######### ] | Loss: 2.1205 | Batch Time: 0.65s (lr=0.0025) | Accuracy: 40.09%
        [t] Epoch 5 completed in 61.27 seconds |  Loss: 2.1206 | Accuracy: 40.09%
        [>] Test Loss: 2.1287 | Test Accuracy: 40.48%
[i] Epoch: 6 | Batch: 48/48 [######### ] | Loss: 2.0770 | Batch Time: 0.51s (lr=0.0025) | Accuracy: 44.72%
        [t] Epoch 6 completed in 61.08 seconds |  Loss: 2.0848 | Accuracy: 44.72%
        [>] Test Loss: 2.0920 | Test Accuracy: 44.22%
[i] Epoch: 7 | Batch: 48/48 [######### ] | Loss: 2.0395 | Batch Time: 0.96s (lr=0.0025) | Accuracy: 46.93%
        [t] Epoch 7 completed in 61.65 seconds |  Loss: 2.0490 | Accuracy: 46.93%
        [>] Test Loss: 2.0692 | Test Accuracy: 44.48%
[i] Epoch: 8 | Batch: 48/48 [######### ] | Loss: 1.9774 | Batch Time: 0.71s (lr=0.0025) | Accuracy: 47.52%
        [t] Epoch 8 completed in 61.91 seconds |  Loss: 2.0217 | Accuracy: 47.52%
        [>] Test Loss: 2.0341 | Test Accuracy: 46.52%
[i] Epoch: 9 | Batch: 48/48 [######### ] | Loss: 1.9576 | Batch Time: 0.47s (lr=0.0025) | Accuracy: 47.88%
        [t] Epoch 9 completed in 60.87 seconds |  Loss: 2.0005 | Accuracy: 47.88%
        [>] Test Loss: 2.0231 | Test Accuracy: 45.93%
[i] Epoch: 10 | Batch: 48/48 [######### ] | Loss: 2.0080 | Batch Time: 0.44s (lr=0.0025) | Accuracy: 48.28%
        [t] Epoch 10 completed in 59.11 seconds |  Loss: 1.9900 | Accuracy: 48.28%
        [>] Test Loss: 2.0122 | Test Accuracy: 46.30%
[i] Epoch: 11 | Batch: 48/48 [######### ] | Loss: 1.9716 | Batch Time: 0.46s (lr=0.0025) | Accuracy: 48.77%
        [t] Epoch 11 completed in 47.26 seconds |  Loss: 1.9768 | Accuracy: 48.77%
        [>] Test Loss: 1.9916 | Test Accuracy: 47.30%
[i] Epoch: 12 | Batch: 48/48 [######### ] | Loss: 1.9264 | Batch Time: 0.59s (lr=0.0025) | Accuracy: 48.86%
        [t] Epoch 12 completed in 46.96 seconds |  Loss: 1.9665 | Accuracy: 48.86%
        [>] Test Loss: 1.9831 | Test Accuracy: 48.04%
[i] Epoch: 13 | Batch: 48/48 [######### ] | Loss: 1.9348 | Batch Time: 0.38s (lr=0.0025) | Accuracy: 48.96%
        [t] Epoch 13 completed in 45.07 seconds |  Loss: 1.9575 | Accuracy: 48.96%
        [>] Test Loss: 1.9801 | Test Accuracy: 46.74%
[i] Epoch: 14 | Batch: 48/48 [######### ] | Loss: 1.9147 | Batch Time: 0.37s (lr=0.0025) | Accuracy: 52.95%
        [t] Epoch 14 completed in 44.81 seconds |  Loss: 1.9431 | Accuracy: 52.95%
        [>] Test Loss: 1.9714 | Test Accuracy: 49.59%
[i] Epoch: 15 | Batch: 48/48 [######### ] | Loss: 1.9307 | Batch Time: 0.53s (lr=0.0025) | Accuracy: 57.17%
        [t] Epoch 15 completed in 45.84 seconds |  Loss: 1.9270 | Accuracy: 57.17%
        [>] Test Loss: 1.9498 | Test Accuracy: 54.96%
[i] Epoch: 16 | Batch: 48/48 [######### ] | Loss: 1.9033 | Batch Time: 0.43s (lr=0.0025) | Accuracy: 57.67%
        [t] Epoch 16 completed in 47.74 seconds |  Loss: 1.9091 | Accuracy: 57.67%
        [>] Test Loss: 1.9389 | Test Accuracy: 55.04%
[i] Epoch: 17 | Batch: 48/48 [######### ] | Loss: 1.9170 | Batch Time: 0.41s (lr=0.0025) | Accuracy: 57.74%
        [t] Epoch 17 completed in 47.58 seconds |  Loss: 1.8994 | Accuracy: 57.74%
        [>] Test Loss: 1.9320 | Test Accuracy: 54.89%
[i] Epoch: 18 | Batch: 48/48 [######### ] | Loss: 1.8620 | Batch Time: 0.38s (lr=0.0025) | Accuracy: 57.91%
        [t] Epoch 18 completed in 47.80 seconds |  Loss: 1.8913 | Accuracy: 57.91%
        [>] Test Loss: 1.9278 | Test Accuracy: 54.81%
[i] Epoch: 19 | Batch: 48/48 [######### ] | Loss: 1.8596 | Batch Time: 0.37s (lr=0.0025) | Accuracy: 58.14%
        [t] Epoch 19 completed in 46.62 seconds |  Loss: 1.8861 | Accuracy: 58.14%
        [>] Test Loss: 1.9087 | Test Accuracy: 56.30%
[i] Epoch: 20 | Batch: 48/48 [######### ] | Loss: 1.8729 | Batch Time: 0.36s (lr=0.0025) | Accuracy: 58.17%
        [t] Epoch 20 completed in 48.06 seconds |  Loss: 1.8843 | Accuracy: 58.17%
        [>] Test Loss: 1.9073 | Test Accuracy: 56.15%
[i] Epoch: 21 | Batch: 48/48 [######### ] | Loss: 1.8680 | Batch Time: 0.57s (lr=0.0025) | Accuracy: 58.33%
        [t] Epoch 21 completed in 46.49 seconds |  Loss: 1.8799 | Accuracy: 58.33%
        [>] Test Loss: 1.9077 | Test Accuracy: 55.70%
[i] Epoch: 22 | Batch: 48/48 [######### ] | Loss: 1.8855 | Batch Time: 0.70s (lr=0.0025) | Accuracy: 58.54%
        [t] Epoch 22 completed in 45.28 seconds |  Loss: 1.8768 | Accuracy: 58.54%
        [>] Test Loss: 1.9057 | Test Accuracy: 56.19%
[i] Epoch: 23 | Batch: 48/48 [######### ] | Loss: 1.8514 | Batch Time: 0.58s (lr=0.0025) | Accuracy: 58.54%
        [t] Epoch 23 completed in 45.42 seconds |  Loss: 1.8751 | Accuracy: 58.54%
        [>] Test Loss: 1.8905 | Test Accuracy: 56.96%
[i] Epoch: 24 | Batch: 48/48 [######### ] | Loss: 1.9134 | Batch Time: 0.56s (lr=0.0025) | Accuracy: 59.02%
        [t] Epoch 24 completed in 46.37 seconds |  Loss: 1.8703 | Accuracy: 59.02%
        [>] Test Loss: 1.8910 | Test Accuracy: 56.67%
[i] Epoch: 25 | Batch: 48/48 [######### ] | Loss: 1.9043 | Batch Time: 0.40s (lr=0.0025) | Accuracy: 59.07%
        [t] Epoch 25 completed in 46.61 seconds |  Loss: 1.8690 | Accuracy: 59.07%
        [>] Test Loss: 1.8810 | Test Accuracy: 58.26%
[i] Epoch: 26 | Batch: 48/48 [######### ] | Loss: 1.8445 | Batch Time: 0.39s (lr=0.0025) | Accuracy: 58.79%
        [t] Epoch 26 completed in 46.55 seconds |  Loss: 1.8705 | Accuracy: 58.79%
        [>] Test Loss: 1.8913 | Test Accuracy: 56.93%
[i] Epoch: 27 | Batch: 48/48 [######### ] | Loss: 1.8368 | Batch Time: 0.39s (lr=0.0025) | Accuracy: 58.95%
        [t] Epoch 27 completed in 47.70 seconds |  Loss: 1.8669 | Accuracy: 58.95%
        [>] Test Loss: 1.8816 | Test Accuracy: 57.74%
[i] Epoch: 28 | Batch: 48/48 [######### ] | Loss: 1.8686 | Batch Time: 0.41s (lr=0.0025) | Accuracy: 59.28%
        [t] Epoch 28 completed in 46.90 seconds |  Loss: 1.8638 | Accuracy: 59.28%
        [>] Test Loss: 1.8900 | Test Accuracy: 57.04%
[i] Epoch: 29 | Batch: 48/48 [######### ] | Loss: 1.8422 | Batch Time: 0.60s (lr=0.0025) | Accuracy: 59.42%
        [t] Epoch 29 completed in 48.42 seconds |  Loss: 1.8617 | Accuracy: 59.42%
        [>] Test Loss: 1.9051 | Test Accuracy: 54.48%
[i] Epoch: 30 | Batch: 48/48 [######### ] | Loss: 1.8216 | Batch Time: 0.56s (lr=0.0025) | Accuracy: 59.58%
        [t] Epoch 30 completed in 48.94 seconds |  Loss: 1.8589 | Accuracy: 59.58%
        [>] Test Loss: 1.8849 | Test Accuracy: 57.44%
[i] Epoch: 31 | Batch: 48/48 [######### ] | Loss: 1.8585 | Batch Time: 0.52s (lr=0.0025) | Accuracy: 59.38%
        [t] Epoch 31 completed in 46.16 seconds |  Loss: 1.8592 | Accuracy: 59.38%
        [>] Test Loss: 1.8758 | Test Accuracy: 58.41%
[i] Epoch: 32 | Batch: 48/48 [######### ] | Loss: 1.9012 | Batch Time: 0.42s (lr=0.0025) | Accuracy: 59.62%
        [t] Epoch 32 completed in 45.04 seconds |  Loss: 1.8568 | Accuracy: 59.62%
        [>] Test Loss: 1.8858 | Test Accuracy: 56.04%
[i] Epoch: 33 | Batch: 48/48 [######### ] | Loss: 1.8854 | Batch Time: 0.39s (lr=0.0025) | Accuracy: 59.69%
        [t] Epoch 33 completed in 46.81 seconds |  Loss: 1.8539 | Accuracy: 59.69%
        [>] Test Loss: 1.8668 | Test Accuracy: 59.30%
[i] Epoch: 34 | Batch: 48/48 [######### ] | Loss: 1.8283 | Batch Time: 0.38s (lr=0.0025) | Accuracy: 59.82%
        [t] Epoch 34 completed in 46.93 seconds |  Loss: 1.8507 | Accuracy: 59.82%
        [>] Test Loss: 1.8917 | Test Accuracy: 56.22%
[i] Epoch: 35 | Batch: 48/48 [######### ] | Loss: 1.8350 | Batch Time: 0.40s (lr=0.0025) | Accuracy: 60.13%
        [t] Epoch 35 completed in 48.93 seconds |  Loss: 1.8485 | Accuracy: 60.13%
        [>] Test Loss: 1.8777 | Test Accuracy: 57.67%
[i] Epoch: 36 | Batch: 48/48 [######### ] | Loss: 1.8099 | Batch Time: 0.42s (lr=0.0025) | Accuracy: 62.21%
        [t] Epoch 36 completed in 48.39 seconds |  Loss: 1.8450 | Accuracy: 62.21%
        [>] Test Loss: 1.8652 | Test Accuracy: 58.41%
[i] Epoch: 37 | Batch: 48/48 [######### ] | Loss: 1.8469 | Batch Time: 0.36s (lr=0.0025) | Accuracy: 63.19%
        [t] Epoch 37 completed in 48.45 seconds |  Loss: 1.8446 | Accuracy: 63.19%
        [>] Test Loss: 1.8850 | Test Accuracy: 57.00%
[i] Epoch: 38 | Batch: 48/48 [######### ] | Loss: 1.7958 | Batch Time: 0.38s (lr=0.0025) | Accuracy: 63.73%
        [t] Epoch 38 completed in 48.64 seconds |  Loss: 1.8369 | Accuracy: 63.73%
        [>] Test Loss: 1.8604 | Test Accuracy: 61.78%
[i] Epoch: 39 | Batch: 48/48 [######### ] | Loss: 1.8241 | Batch Time: 0.37s (lr=0.0025) | Accuracy: 64.19%
        [t] Epoch 39 completed in 47.78 seconds |  Loss: 1.8291 | Accuracy: 64.19%
        [>] Test Loss: 1.8618 | Test Accuracy: 61.37%
[i] Epoch: 40 | Batch: 48/48 [######### ] | Loss: 1.8563 | Batch Time: 0.56s (lr=0.0025) | Accuracy: 64.38%
        [t] Epoch 40 completed in 46.59 seconds |  Loss: 1.8267 | Accuracy: 64.38%
        [>] Test Loss: 1.8576 | Test Accuracy: 61.07%
[i] Epoch: 41 | Batch: 48/48 [######### ] | Loss: 1.8132 | Batch Time: 0.87s (lr=0.0025) | Accuracy: 64.44%
        [t] Epoch 41 completed in 46.66 seconds |  Loss: 1.8241 | Accuracy: 64.44%
        [>] Test Loss: 1.8673 | Test Accuracy: 61.30%
[i] Epoch: 42 | Batch: 48/48 [######### ] | Loss: 1.8161 | Batch Time: 0.39s (lr=0.0025) | Accuracy: 64.58%
        [t] Epoch 42 completed in 46.50 seconds |  Loss: 1.8213 | Accuracy: 64.58%
        [>] Test Loss: 1.8664 | Test Accuracy: 60.56%
[i] Epoch: 43 | Batch: 48/48 [######### ] | Loss: 1.8096 | Batch Time: 0.38s (lr=0.0025) | Accuracy: 64.35%
        [t] Epoch 43 completed in 46.39 seconds |  Loss: 1.8240 | Accuracy: 64.35%
        [>] Test Loss: 1.8541 | Test Accuracy: 62.37%
[i] Epoch: 44 | Batch: 48/48 [######### ] | Loss: 1.8053 | Batch Time: 0.39s (lr=0.0025) | Accuracy: 64.53%
        [t] Epoch 44 completed in 48.58 seconds |  Loss: 1.8203 | Accuracy: 64.53%
        [>] Test Loss: 1.8564 | Test Accuracy: 61.67%
[i] Epoch: 45 | Batch: 48/48 [######### ] | Loss: 1.7658 | Batch Time: 0.40s (lr=0.0025) | Accuracy: 64.45%
        [t] Epoch 45 completed in 47.36 seconds |  Loss: 1.8199 | Accuracy: 64.45%
        [>] Test Loss: 1.8525 | Test Accuracy: 61.30%
[i] Epoch: 46 | Batch: 48/48 [######### ] | Loss: 1.8112 | Batch Time: 0.38s (lr=0.0025) | Accuracy: 64.51%
        [t] Epoch 46 completed in 48.11 seconds |  Loss: 1.8196 | Accuracy: 64.51%
        [>] Test Loss: 1.8354 | Test Accuracy: 64.41%
[i] Epoch: 47 | Batch: 48/48 [######### ] | Loss: 1.8087 | Batch Time: 0.38s (lr=0.0025) | Accuracy: 64.63%
        [t] Epoch 47 completed in 48.92 seconds |  Loss: 1.8172 | Accuracy: 64.63%
        [>] Test Loss: 1.8495 | Test Accuracy: 62.48%
[i] Epoch: 48 | Batch: 48/48 [######### ] | Loss: 1.8349 | Batch Time: 0.36s (lr=0.0025) | Accuracy: 64.71%
        [t] Epoch 48 completed in 49.98 seconds |  Loss: 1.8161 | Accuracy: 64.71%
        [>] Test Loss: 1.8384 | Test Accuracy: 63.07%
[i] Epoch: 49 | Batch: 48/48 [######### ] | Loss: 1.7831 | Batch Time: 0.42s (lr=0.0025) | Accuracy: 64.86%
        [t] Epoch 49 completed in 48.35 seconds |  Loss: 1.8128 | Accuracy: 64.86%
        [>] Test Loss: 1.8407 | Test Accuracy: 62.63%
[i] Epoch: 50 | Batch: 48/48 [######### ] | Loss: 1.7851 | Batch Time: 0.41s (lr=0.0025) | Accuracy: 64.77%
        [t] Epoch 50 completed in 48.17 seconds |  Loss: 1.8126 | Accuracy: 64.77%
        [>] Test Loss: 1.8388 | Test Accuracy: 63.44%
[i] Epoch: 51 | Batch: 48/48 [######### ] | Loss: 1.7830 | Batch Time: 0.55s (lr=0.0025) | Accuracy: 65.04%
        [t] Epoch 51 completed in 47.97 seconds |  Loss: 1.8095 | Accuracy: 65.04%
        [>] Test Loss: 1.8414 | Test Accuracy: 62.70%
[i] Epoch: 52 | Batch: 48/48 [######### ] | Loss: 1.8947 | Batch Time: 0.39s (lr=0.0025) | Accuracy: 65.11%
        [t] Epoch 52 completed in 45.70 seconds |  Loss: 1.8103 | Accuracy: 65.11%
        [>] Test Loss: 1.8334 | Test Accuracy: 63.37%
[i] Epoch: 53 | Batch: 48/48 [######### ] | Loss: 1.8167 | Batch Time: 0.39s (lr=0.0025) | Accuracy: 65.47%
        [t] Epoch 53 completed in 45.80 seconds |  Loss: 1.8058 | Accuracy: 65.47%
        [>] Test Loss: 1.8372 | Test Accuracy: 62.70%
[i] Epoch: 54 | Batch: 48/48 [######### ] | Loss: 1.7755 | Batch Time: 0.78s (lr=0.0025) | Accuracy: 65.65%
        [t] Epoch 54 completed in 47.73 seconds |  Loss: 1.8051 | Accuracy: 65.65%
        [>] Test Loss: 1.8402 | Test Accuracy: 62.44%
[i] Epoch: 55 | Batch: 48/48 [######### ] | Loss: 1.8250 | Batch Time: 0.71s (lr=0.0025) | Accuracy: 66.29%
        [t] Epoch 55 completed in 48.99 seconds |  Loss: 1.8035 | Accuracy: 66.29%
        [>] Test Loss: 1.8345 | Test Accuracy: 62.89%
[i] Epoch: 56 | Batch: 48/48 [######### ] | Loss: 1.7744 | Batch Time: 0.50s (lr=0.0025) | Accuracy: 66.42%
        [t] Epoch 56 completed in 48.83 seconds |  Loss: 1.8031 | Accuracy: 66.42%
        [>] Test Loss: 1.8405 | Test Accuracy: 62.37%
[i] Epoch: 57 | Batch: 48/48 [######### ] | Loss: 1.8051 | Batch Time: 0.55s (lr=0.0025) | Accuracy: 67.31%
        [t] Epoch 57 completed in 49.83 seconds |  Loss: 1.7979 | Accuracy: 67.31%
        [>] Test Loss: 1.8361 | Test Accuracy: 63.48%
[i] Epoch: 58 | Batch: 48/48 [######### ] | Loss: 1.7475 | Batch Time: 0.56s (lr=0.0025) | Accuracy: 67.98%
        [t] Epoch 58 completed in 48.10 seconds |  Loss: 1.7935 | Accuracy: 67.98%
        [>] Test Loss: 1.8388 | Test Accuracy: 62.74%
[i] Epoch: 59 | Batch: 48/48 [######### ] | Loss: 1.7753 | Batch Time: 0.40s (lr=0.0025) | Accuracy: 67.50%
        [t] Epoch 59 completed in 48.20 seconds |  Loss: 1.7984 | Accuracy: 67.50%
        [>] Test Loss: 1.8324 | Test Accuracy: 63.70%
[i] Epoch: 60 | Batch: 48/48 [######### ] | Loss: 1.7861 | Batch Time: 0.37s (lr=0.0025) | Accuracy: 68.21%
        [t] Epoch 60 completed in 48.91 seconds |  Loss: 1.7923 | Accuracy: 68.21%
        [>] Test Loss: 1.8222 | Test Accuracy: 65.26%
[i] Epoch: 61 | Batch: 48/48 [######### ] | Loss: 1.7741 | Batch Time: 0.47s (lr=0.0025) | Accuracy: 68.15%
        [t] Epoch 61 completed in 47.88 seconds |  Loss: 1.7935 | Accuracy: 68.15%
        [>] Test Loss: 1.8300 | Test Accuracy: 64.19%
[i] Epoch: 62 | Batch: 48/48 [######### ] | Loss: 1.7305 | Batch Time: 0.38s (lr=0.0025) | Accuracy: 68.70%
        [t] Epoch 62 completed in 46.37 seconds |  Loss: 1.7878 | Accuracy: 68.70%
        [>] Test Loss: 1.8357 | Test Accuracy: 63.00%
[i] Epoch: 63 | Batch: 48/48 [######### ] | Loss: 1.7952 | Batch Time: 0.40s (lr=0.0025) | Accuracy: 67.71%
        [t] Epoch 63 completed in 45.63 seconds |  Loss: 1.7974 | Accuracy: 67.71%
        [>] Test Loss: 1.8307 | Test Accuracy: 64.37%
[i] Epoch: 64 | Batch: 48/48 [######### ] | Loss: 1.8542 | Batch Time: 0.42s (lr=0.0025) | Accuracy: 68.76%
        [t] Epoch 64 completed in 47.84 seconds |  Loss: 1.7888 | Accuracy: 68.76%
        [>] Test Loss: 1.8267 | Test Accuracy: 64.07%
[i] Epoch: 65 | Batch: 48/48 [######### ] | Loss: 1.8145 | Batch Time: 0.50s (lr=0.0025) | Accuracy: 68.83%
        [t] Epoch 65 completed in 48.63 seconds |  Loss: 1.7874 | Accuracy: 68.83%
        [>] Test Loss: 1.8311 | Test Accuracy: 63.41%
[i] Epoch: 66 | Batch: 48/48 [######### ] | Loss: 1.8246 | Batch Time: 0.39s (lr=0.0025) | Accuracy: 68.32%
        [t] Epoch 66 completed in 50.04 seconds |  Loss: 1.7888 | Accuracy: 68.32%
        [>] Test Loss: 1.8262 | Test Accuracy: 64.48%
[i] Epoch: 67 | Batch: 48/48 [######### ] | Loss: 1.8201 | Batch Time: 0.41s (lr=0.0025) | Accuracy: 68.67%
        [t] Epoch 67 completed in 49.45 seconds |  Loss: 1.7856 | Accuracy: 68.67%
        [>] Test Loss: 1.8268 | Test Accuracy: 65.19%
[i] Epoch: 68 | Batch: 48/48 [######### ] | Loss: 1.7352 | Batch Time: 0.38s (lr=0.0025) | Accuracy: 69.13%
        [t] Epoch 68 completed in 48.31 seconds |  Loss: 1.7824 | Accuracy: 69.13%
        [>] Test Loss: 1.8206 | Test Accuracy: 65.07%
[i] Epoch: 69 | Batch: 48/48 [######### ] | Loss: 1.7866 | Batch Time: 0.40s (lr=0.0025) | Accuracy: 69.91%
        [t] Epoch 69 completed in 48.53 seconds |  Loss: 1.7788 | Accuracy: 69.91%
        [>] Test Loss: 1.8397 | Test Accuracy: 62.52%
[i] Epoch: 70 | Batch: 48/48 [######### ] | Loss: 1.7435 | Batch Time: 0.41s (lr=0.0025) | Accuracy: 70.38%
        [t] Epoch 70 completed in 49.79 seconds |  Loss: 1.7751 | Accuracy: 70.38%
        [>] Test Loss: 1.8305 | Test Accuracy: 63.78%
[i] Epoch: 71 | Batch: 48/48 [######### ] | Loss: 1.7758 | Batch Time: 0.49s (lr=0.0025) | Accuracy: 70.91%
        [t] Epoch 71 completed in 47.47 seconds |  Loss: 1.7731 | Accuracy: 70.91%
        [>] Test Loss: 1.8236 | Test Accuracy: 64.59%
[i] Epoch: 72 | Batch: 48/48 [######### ] | Loss: 1.7610 | Batch Time: 0.55s (lr=0.0025) | Accuracy: 71.50%
        [t] Epoch 72 completed in 47.76 seconds |  Loss: 1.7689 | Accuracy: 71.50%
        [>] Test Loss: 1.8159 | Test Accuracy: 66.26%
[i] Epoch: 73 | Batch: 48/48 [######### ] | Loss: 1.7426 | Batch Time: 0.39s (lr=0.0025) | Accuracy: 71.86%
        [t] Epoch 73 completed in 46.94 seconds |  Loss: 1.7661 | Accuracy: 71.86%
        [>] Test Loss: 1.8482 | Test Accuracy: 62.67%
[i] Epoch: 74 | Batch: 48/48 [######### ] | Loss: 1.7897 | Batch Time: 0.41s (lr=0.0025) | Accuracy: 71.75%
        [t] Epoch 74 completed in 47.21 seconds |  Loss: 1.7650 | Accuracy: 71.75%
        [>] Test Loss: 1.8079 | Test Accuracy: 67.81%
[i] Epoch: 75 | Batch: 48/48 [######### ] | Loss: 1.7177 | Batch Time: 0.41s (lr=0.0025) | Accuracy: 71.81%
        [t] Epoch 75 completed in 48.89 seconds |  Loss: 1.7621 | Accuracy: 71.81%
        [>] Test Loss: 1.8138 | Test Accuracy: 66.93%
[i] Epoch: 76 | Batch: 48/48 [######### ] | Loss: 1.7555 | Batch Time: 0.37s (lr=0.0025) | Accuracy: 71.45%
        [t] Epoch 76 completed in 49.54 seconds |  Loss: 1.7658 | Accuracy: 71.45%
        [>] Test Loss: 1.8211 | Test Accuracy: 65.96%
[i] Epoch: 77 | Batch: 48/48 [######### ] | Loss: 1.7305 | Batch Time: 0.55s (lr=0.0025) | Accuracy: 72.07%
        [t] Epoch 77 completed in 48.67 seconds |  Loss: 1.7578 | Accuracy: 72.07%
        [>] Test Loss: 1.8020 | Test Accuracy: 67.22%
[i] Epoch: 78 | Batch: 48/48 [######### ] | Loss: 1.7689 | Batch Time: 0.49s (lr=0.0025) | Accuracy: 72.06%
        [t] Epoch 78 completed in 47.89 seconds |  Loss: 1.7591 | Accuracy: 72.06%
        [>] Test Loss: 1.8001 | Test Accuracy: 68.81%
[i] Epoch: 79 | Batch: 48/48 [######### ] | Loss: 1.7109 | Batch Time: 0.48s (lr=0.0025) | Accuracy: 72.38%
        [t] Epoch 79 completed in 49.22 seconds |  Loss: 1.7549 | Accuracy: 72.38%
        [>] Test Loss: 1.8252 | Test Accuracy: 65.04%
[i] Epoch: 80 | Batch: 48/48 [######### ] | Loss: 1.6528 | Batch Time: 0.45s (lr=0.0025) | Accuracy: 72.89%
        [t] Epoch 80 completed in 48.49 seconds |  Loss: 1.7482 | Accuracy: 72.89%
        [>] Test Loss: 1.8263 | Test Accuracy: 64.52%
[i] Epoch: 81 | Batch: 48/48 [######### ] | Loss: 1.7614 | Batch Time: 0.40s (lr=0.0025) | Accuracy: 72.58%
        [t] Epoch 81 completed in 48.43 seconds |  Loss: 1.7535 | Accuracy: 72.58%
        [>] Test Loss: 1.8179 | Test Accuracy: 65.70%
[i] Epoch: 82 | Batch: 48/48 [######### ] | Loss: 1.7417 | Batch Time: 0.43s (lr=0.0025) | Accuracy: 73.19%
        [t] Epoch 82 completed in 46.77 seconds |  Loss: 1.7460 | Accuracy: 73.19%
        [>] Test Loss: 1.8153 | Test Accuracy: 65.37%
[i] Epoch: 83 | Batch: 48/48 [######### ] | Loss: 1.7067 | Batch Time: 0.40s (lr=0.0025) | Accuracy: 72.31%
        [t] Epoch 83 completed in 47.83 seconds |  Loss: 1.7536 | Accuracy: 72.31%
        [>] Test Loss: 1.8138 | Test Accuracy: 65.85%
[i] Epoch: 84 | Batch: 48/48 [######### ] | Loss: 1.7527 | Batch Time: 0.40s (lr=0.0025) | Accuracy: 72.25%
        [t] Epoch 84 completed in 47.76 seconds |  Loss: 1.7541 | Accuracy: 72.25%
        [>] Test Loss: 1.8173 | Test Accuracy: 65.48%
[i] Epoch: 85 | Batch: 48/48 [######### ] | Loss: 1.6996 | Batch Time: 0.44s (lr=0.0025) | Accuracy: 73.34%
        [t] Epoch 85 completed in 49.08 seconds |  Loss: 1.7436 | Accuracy: 73.34%
        [>] Test Loss: 1.8229 | Test Accuracy: 64.48%
[i] Epoch: 86 | Batch: 48/48 [######### ] | Loss: 1.7263 | Batch Time: 0.78s (lr=0.0025) | Accuracy: 73.47%
        [t] Epoch 86 completed in 50.27 seconds |  Loss: 1.7428 | Accuracy: 73.47%
        [>] Test Loss: 1.7859 | Test Accuracy: 69.11%
[i] Epoch: 87 | Batch: 48/48 [######### ] | Loss: 1.7560 | Batch Time: 0.40s (lr=0.0025) | Accuracy: 73.18%
        [t] Epoch 87 completed in 48.86 seconds |  Loss: 1.7442 | Accuracy: 73.18%
        [>] Test Loss: 1.7944 | Test Accuracy: 68.33%
[i] Epoch: 88 | Batch: 48/48 [######### ] | Loss: 1.7115 | Batch Time: 0.42s (lr=0.0025) | Accuracy: 73.66%
        [t] Epoch 88 completed in 48.67 seconds |  Loss: 1.7389 | Accuracy: 73.66%
        [>] Test Loss: 1.8085 | Test Accuracy: 66.48%
[i] Epoch: 89 | Batch: 48/48 [######### ] | Loss: 1.6785 | Batch Time: 0.37s (lr=0.0025) | Accuracy: 73.18%
        [t] Epoch 89 completed in 49.04 seconds |  Loss: 1.7428 | Accuracy: 73.18%
        [>] Test Loss: 1.8377 | Test Accuracy: 62.44%
[i] Epoch: 90 | Batch: 48/48 [######### ] | Loss: 1.6773 | Batch Time: 0.75s (lr=0.0025) | Accuracy: 73.62%
        [t] Epoch 90 completed in 49.65 seconds |  Loss: 1.7379 | Accuracy: 73.62%
        [>] Test Loss: 1.8274 | Test Accuracy: 64.26%
[i] Epoch: 91 | Batch: 48/48 [######### ] | Loss: 1.7111 | Batch Time: 0.40s (lr=0.0025) | Accuracy: 73.90%
        [t] Epoch 91 completed in 48.89 seconds |  Loss: 1.7355 | Accuracy: 73.90%
        [>] Test Loss: 1.8181 | Test Accuracy: 65.96%
[i] Epoch: 92 | Batch: 48/48 [######### ] | Loss: 1.7376 | Batch Time: 0.41s (lr=0.0025) | Accuracy: 73.54%
        [t] Epoch 92 completed in 48.05 seconds |  Loss: 1.7390 | Accuracy: 73.54%
        [>] Test Loss: 1.8142 | Test Accuracy: 65.48%
[i] Epoch: 93 | Batch: 48/48 [######### ] | Loss: 1.7330 | Batch Time: 0.48s (lr=0.0025) | Accuracy: 73.71%
        [t] Epoch 93 completed in 47.35 seconds |  Loss: 1.7373 | Accuracy: 73.71%
        [>] Test Loss: 1.8241 | Test Accuracy: 63.89%
[i] Epoch: 94 | Batch: 48/48 [######### ] | Loss: 1.7361 | Batch Time: 0.42s (lr=0.0025) | Accuracy: 74.19%
        [t] Epoch 94 completed in 46.84 seconds |  Loss: 1.7318 | Accuracy: 74.19%
        [>] Test Loss: 1.8056 | Test Accuracy: 66.81%
[i] Epoch: 95 | Batch: 48/48 [######### ] | Loss: 1.7108 | Batch Time: 0.38s (lr=0.0025) | Accuracy: 74.10%
        [t] Epoch 95 completed in 48.46 seconds |  Loss: 1.7318 | Accuracy: 74.10%
        [>] Test Loss: 1.7971 | Test Accuracy: 68.11%
[i] Epoch: 96 | Batch: 48/48 [######### ] | Loss: 1.7121 | Batch Time: 0.38s (lr=0.0025) | Accuracy: 73.90%
        [t] Epoch 96 completed in 48.59 seconds |  Loss: 1.7336 | Accuracy: 73.90%
        [>] Test Loss: 1.8484 | Test Accuracy: 62.33%
[i] Epoch: 97 | Batch: 48/48 [######### ] | Loss: 1.7528 | Batch Time: 0.39s (lr=0.0025) | Accuracy: 73.74%
        [t] Epoch 97 completed in 48.16 seconds |  Loss: 1.7351 | Accuracy: 73.74%
        [>] Test Loss: 1.8117 | Test Accuracy: 65.19%
[i] Epoch: 98 | Batch: 48/48 [######### ] | Loss: 1.6545 | Batch Time: 0.38s (lr=0.0025) | Accuracy: 73.93%
        [t] Epoch 98 completed in 49.46 seconds |  Loss: 1.7317 | Accuracy: 73.93%
        [>] Test Loss: 1.8518 | Test Accuracy: 61.67%
[i] Epoch: 99 | Batch: 48/48 [######### ] | Loss: 1.6937 | Batch Time: 0.42s (lr=0.0025) | Accuracy: 74.28%
        [t] Epoch 99 completed in 50.29 seconds |  Loss: 1.7289 | Accuracy: 74.28%
        [>] Test Loss: 1.8384 | Test Accuracy: 63.04%
[i] Epoch: 100 | Batch: 48/48 [######### ] | Loss: 1.7027 | Batch Time: 0.39s (lr=0.0025) | Accuracy: 74.58%
        [t] Epoch 100 completed in 48.76 seconds |  Loss: 1.7257 | Accuracy: 74.58%
        [>] Test Loss: 1.8410 | Test Accuracy: 62.26%
[i] Epoch: 101 | Batch: 48/48 [######### ] | Loss: 1.6757 | Batch Time: 0.43s (lr=0.0025) | Accuracy: 74.70%
        [t] Epoch 101 completed in 48.49 seconds |  Loss: 1.7236 | Accuracy: 74.70%
        [>] Test Loss: 1.8764 | Test Accuracy: 59.00%
[i] Epoch: 102 | Batch: 48/48 [######### ] | Loss: 1.6629 | Batch Time: 0.36s (lr=0.0025) | Accuracy: 74.57%
        [t] Epoch 102 completed in 47.55 seconds |  Loss: 1.7245 | Accuracy: 74.57%
        [>] Test Loss: 1.8587 | Test Accuracy: 60.70%
[i] Epoch: 103 | Batch: 48/48 [######### ] | Loss: 1.7094 | Batch Time: 0.48s (lr=0.0025) | Accuracy: 74.16%
        [t] Epoch 103 completed in 46.78 seconds |  Loss: 1.7287 | Accuracy: 74.16%
        [>] Test Loss: 1.8184 | Test Accuracy: 64.74%
[i] Epoch: 104 | Batch: 48/48 [######### ] | Loss: 1.7181 | Batch Time: 0.39s (lr=0.0025) | Accuracy: 74.72%
        [t] Epoch 104 completed in 46.77 seconds |  Loss: 1.7230 | Accuracy: 74.72%
        [>] Test Loss: 1.8153 | Test Accuracy: 64.41%
[i] Epoch: 105 | Batch: 48/48 [######### ] | Loss: 1.7066 | Batch Time: 0.86s (lr=0.0025) | Accuracy: 74.85%
        [t] Epoch 105 completed in 48.94 seconds |  Loss: 1.7212 | Accuracy: 74.85%
        [>] Test Loss: 1.8344 | Test Accuracy: 62.26%
[i] Epoch: 106 | Batch: 48/48 [######### ] | Loss: 1.7430 | Batch Time: 0.40s (lr=0.0025) | Accuracy: 74.19%
        [t] Epoch 106 completed in 49.17 seconds |  Loss: 1.7281 | Accuracy: 74.19%
        [>] Test Loss: 1.8327 | Test Accuracy: 63.44%
[i] Epoch: 107 | Batch: 48/48 [######### ] | Loss: 1.6803 | Batch Time: 0.48s (lr=0.0025) | Accuracy: 74.74%
        [t] Epoch 107 completed in 48.93 seconds |  Loss: 1.7211 | Accuracy: 74.74%
        [>] Test Loss: 1.8234 | Test Accuracy: 63.85%
[i] Epoch: 108 | Batch: 48/48 [######### ] | Loss: 1.6738 | Batch Time: 0.38s (lr=0.0025) | Accuracy: 74.32%
        [t] Epoch 108 completed in 50.18 seconds |  Loss: 1.7253 | Accuracy: 74.32%
        [>] Test Loss: 1.8548 | Test Accuracy: 61.44%
[i] Epoch: 109 | Batch: 48/48 [######### ] | Loss: 1.7069 | Batch Time: 0.41s (lr=0.0025) | Accuracy: 74.87%
        [t] Epoch 109 completed in 50.16 seconds |  Loss: 1.7200 | Accuracy: 74.87%
        [>] Test Loss: 1.8123 | Test Accuracy: 65.22%
[i] Epoch: 110 | Batch: 48/48 [######### ] | Loss: 1.7766 | Batch Time: 0.40s (lr=0.0025) | Accuracy: 74.61%
        [t] Epoch 110 completed in 48.66 seconds |  Loss: 1.7240 | Accuracy: 74.61%
        [>] Test Loss: 1.8626 | Test Accuracy: 59.70%
[i] Epoch: 111 | Batch: 48/48 [######### ] | Loss: 1.7014 | Batch Time: 0.52s (lr=0.0025) | Accuracy: 74.75%
        [t] Epoch 111 completed in 49.27 seconds |  Loss: 1.7211 | Accuracy: 74.75%
        [>] Test Loss: 1.8104 | Test Accuracy: 65.52%
[i] Epoch: 112 | Batch: 48/48 [######### ] | Loss: 1.7216 | Batch Time: 0.76s (lr=0.0025) | Accuracy: 74.40%
        [t] Epoch 112 completed in 48.07 seconds |  Loss: 1.7233 | Accuracy: 74.40%
        [>] Test Loss: 1.8144 | Test Accuracy: 65.67%
[i] Epoch: 113 | Batch: 48/48 [######### ] | Loss: 1.6495 | Batch Time: 0.81s (lr=0.0025) | Accuracy: 74.88%
        [t] Epoch 113 completed in 46.84 seconds |  Loss: 1.7187 | Accuracy: 74.88%
        [>] Test Loss: 1.8110 | Test Accuracy: 65.33%
[i] Epoch: 114 | Batch: 48/48 [######### ] | Loss: 1.6690 | Batch Time: 0.62s (lr=0.0025) | Accuracy: 75.28%
        [t] Epoch 114 completed in 48.58 seconds |  Loss: 1.7154 | Accuracy: 75.28%
        [>] Test Loss: 1.7994 | Test Accuracy: 66.93%
[i] Epoch: 115 | Batch: 48/48 [######### ] | Loss: 1.6886 | Batch Time: 0.52s (lr=0.0025) | Accuracy: 74.66%
        [t] Epoch 115 completed in 49.60 seconds |  Loss: 1.7202 | Accuracy: 74.66%
        [>] Test Loss: 1.7947 | Test Accuracy: 66.96%
[i] Epoch: 116 | Batch: 48/48 [######### ] | Loss: 1.6836 | Batch Time: 0.52s (lr=0.0025) | Accuracy: 75.27%
        [t] Epoch 116 completed in 49.30 seconds |  Loss: 1.7145 | Accuracy: 75.27%
        [>] Test Loss: 1.7841 | Test Accuracy: 68.07%
[i] Epoch: 117 | Batch: 48/48 [######### ] | Loss: 1.6976 | Batch Time: 0.53s (lr=0.0025) | Accuracy: 75.34%
        [t] Epoch 117 completed in 50.08 seconds |  Loss: 1.7134 | Accuracy: 75.34%
        [>] Test Loss: 1.7837 | Test Accuracy: 66.89%
[i] Epoch: 118 | Batch: 48/48 [######### ] | Loss: 1.7033 | Batch Time: 0.54s (lr=0.0025) | Accuracy: 75.15%
        [t] Epoch 118 completed in 49.51 seconds |  Loss: 1.7154 | Accuracy: 75.15%
        [>] Test Loss: 1.8062 | Test Accuracy: 65.85%
[i] Epoch: 119 | Batch: 48/48 [######### ] | Loss: 1.7372 | Batch Time: 0.56s (lr=0.0025) | Accuracy: 75.33%
        [t] Epoch 119 completed in 49.20 seconds |  Loss: 1.7141 | Accuracy: 75.33%
        [>] Test Loss: 1.8093 | Test Accuracy: 65.59%
[i] Epoch: 120 | Batch: 48/48 [######### ] | Loss: 1.6696 | Batch Time: 0.51s (lr=0.0025) | Accuracy: 74.61%
        [t] Epoch 120 completed in 48.22 seconds |  Loss: 1.7198 | Accuracy: 74.61%
        [>] Test Loss: 1.9244 | Test Accuracy: 54.22%
[i] Epoch: 121 | Batch: 48/48 [######### ] | Loss: 1.6763 | Batch Time: 0.91s (lr=0.0025) | Accuracy: 75.33%
        [t] Epoch 121 completed in 48.21 seconds |  Loss: 1.7134 | Accuracy: 75.33%
        [>] Test Loss: 1.8572 | Test Accuracy: 60.04%
[i] Epoch: 122 | Batch: 48/48 [######### ] | Loss: 1.7137 | Batch Time: 0.84s (lr=0.0025) | Accuracy: 75.60%
        [t] Epoch 122 completed in 46.34 seconds |  Loss: 1.7106 | Accuracy: 75.60%
        [>] Test Loss: 1.8034 | Test Accuracy: 66.00%
[i] Epoch: 123 | Batch: 48/48 [######### ] | Loss: 1.7118 | Batch Time: 0.62s (lr=0.0025) | Accuracy: 75.53%
        [t] Epoch 123 completed in 47.55 seconds |  Loss: 1.7114 | Accuracy: 75.53%
        [>] Test Loss: 1.8204 | Test Accuracy: 64.26%
[i] Epoch: 124 | Batch: 48/48 [######### ] | Loss: 1.6997 | Batch Time: 0.52s (lr=0.0025) | Accuracy: 75.08%
        [t] Epoch 124 completed in 49.09 seconds |  Loss: 1.7151 | Accuracy: 75.08%
        [>] Test Loss: 1.7823 | Test Accuracy: 68.85%
[i] Epoch: 125 | Batch: 48/48 [######### ] | Loss: 1.6987 | Batch Time: 0.54s (lr=0.0025) | Accuracy: 74.83%
        [t] Epoch 125 completed in 49.86 seconds |  Loss: 1.7182 | Accuracy: 74.83%
        [>] Test Loss: 1.8254 | Test Accuracy: 63.37%
[i] Epoch: 126 | Batch: 48/48 [######### ] | Loss: 1.7219 | Batch Time: 0.53s (lr=0.0025) | Accuracy: 74.95%
        [t] Epoch 126 completed in 49.94 seconds |  Loss: 1.7159 | Accuracy: 74.95%
        [>] Test Loss: 1.8249 | Test Accuracy: 63.44%
[i] Epoch: 127 | Batch: 48/48 [######### ] | Loss: 1.6795 | Batch Time: 0.56s (lr=0.0025) | Accuracy: 75.31%
        [t] Epoch 127 completed in 50.01 seconds |  Loss: 1.7120 | Accuracy: 75.31%
        [>] Test Loss: 1.7776 | Test Accuracy: 68.56%
[i] Epoch: 128 | Batch: 48/48 [######### ] | Loss: 1.7006 | Batch Time: 0.53s (lr=0.0025) | Accuracy: 75.23%
        [t] Epoch 128 completed in 47.29 seconds |  Loss: 1.7129 | Accuracy: 75.23%
        [>] Test Loss: 1.7568 | Test Accuracy: 70.81%
[i] Epoch: 129 | Batch: 48/48 [######### ] | Loss: 1.6993 | Batch Time: 0.54s (lr=0.0025) | Accuracy: 75.67%
        [t] Epoch 129 completed in 46.75 seconds |  Loss: 1.7085 | Accuracy: 75.67%
        [>] Test Loss: 1.7796 | Test Accuracy: 68.22%
[i] Epoch: 130 | Batch: 48/48 [######### ] | Loss: 1.7241 | Batch Time: 0.83s (lr=0.0025) | Accuracy: 75.43%
        [t] Epoch 130 completed in 47.07 seconds |  Loss: 1.7115 | Accuracy: 75.43%
        [>] Test Loss: 1.7837 | Test Accuracy: 68.00%
[i] Epoch: 131 | Batch: 48/48 [######### ] | Loss: 1.6782 | Batch Time: 0.69s (lr=0.0025) | Accuracy: 75.58%
        [t] Epoch 131 completed in 46.56 seconds |  Loss: 1.7093 | Accuracy: 75.58%
        [>] Test Loss: 1.7953 | Test Accuracy: 66.81%
[i] Epoch: 132 | Batch: 48/48 [######### ] | Loss: 1.6959 | Batch Time: 0.53s (lr=0.0025) | Accuracy: 75.49%
        [t] Epoch 132 completed in 47.65 seconds |  Loss: 1.7101 | Accuracy: 75.49%
        [>] Test Loss: 1.7804 | Test Accuracy: 68.30%
[i] Epoch: 133 | Batch: 48/48 [######### ] | Loss: 1.6910 | Batch Time: 0.48s (lr=0.0025) | Accuracy: 75.28%
        [t] Epoch 133 completed in 47.36 seconds |  Loss: 1.7118 | Accuracy: 75.28%
        [>] Test Loss: 1.7620 | Test Accuracy: 68.89%
[i] Epoch: 134 | Batch: 48/48 [######### ] | Loss: 1.6889 | Batch Time: 0.65s (lr=0.0025) | Accuracy: 75.84%
        [t] Epoch 134 completed in 43.49 seconds |  Loss: 1.7066 | Accuracy: 75.84%
        [>] Test Loss: 1.7669 | Test Accuracy: 69.07%
[i] Epoch: 135 | Batch: 48/48 [######### ] | Loss: 1.6411 | Batch Time: 0.46s (lr=0.0025) | Accuracy: 75.81%
        [t] Epoch 135 completed in 41.93 seconds |  Loss: 1.7062 | Accuracy: 75.81%
        [>] Test Loss: 1.7574 | Test Accuracy: 70.04%
[i] Epoch: 136 | Batch: 48/48 [######### ] | Loss: 1.7248 | Batch Time: 0.48s (lr=0.0025) | Accuracy: 75.58%
        [t] Epoch 136 completed in 42.72 seconds |  Loss: 1.7090 | Accuracy: 75.58%
        [>] Test Loss: 1.7500 | Test Accuracy: 70.78%
[i] Epoch: 137 | Batch: 48/48 [######### ] | Loss: 1.6864 | Batch Time: 0.48s (lr=0.0025) | Accuracy: 75.35%
        [t] Epoch 137 completed in 42.10 seconds |  Loss: 1.7108 | Accuracy: 75.35%
        [>] Test Loss: 1.7761 | Test Accuracy: 68.30%
[i] Epoch: 138 | Batch: 48/48 [######### ] | Loss: 1.6485 | Batch Time: 0.46s (lr=0.0025) | Accuracy: 75.64%
        [t] Epoch 138 completed in 42.36 seconds |  Loss: 1.7078 | Accuracy: 75.64%
        [>] Test Loss: 1.7357 | Test Accuracy: 71.96%
[i] Epoch: 139 | Batch: 48/48 [######### ] | Loss: 1.6575 | Batch Time: 0.50s (lr=0.0025) | Accuracy: 75.89%
        [t] Epoch 139 completed in 42.12 seconds |  Loss: 1.7050 | Accuracy: 75.89%
        [>] Test Loss: 1.7348 | Test Accuracy: 72.44%
[i] Epoch: 140 | Batch: 48/48 [######### ] | Loss: 1.6657 | Batch Time: 0.62s (lr=0.0025) | Accuracy: 74.87%
        [t] Epoch 140 completed in 40.79 seconds |  Loss: 1.7154 | Accuracy: 74.87%
        [>] Test Loss: 1.8237 | Test Accuracy: 64.00%
[i] Epoch: 141 | Batch: 48/48 [######### ] | Loss: 1.6960 | Batch Time: 0.48s (lr=0.0025) | Accuracy: 75.17%
        [t] Epoch 141 completed in 40.63 seconds |  Loss: 1.7126 | Accuracy: 75.17%
        [>] Test Loss: 1.7633 | Test Accuracy: 70.22%
[i] Epoch: 142 | Batch: 48/48 [######### ] | Loss: 1.6821 | Batch Time: 0.63s (lr=0.0025) | Accuracy: 74.44%
        [t] Epoch 142 completed in 41.39 seconds |  Loss: 1.7188 | Accuracy: 74.44%
        [>] Test Loss: 1.7440 | Test Accuracy: 70.96%
[i] Epoch: 143 | Batch: 48/48 [######### ] | Loss: 1.6861 | Batch Time: 0.47s (lr=0.0025) | Accuracy: 75.46%
        [t] Epoch 143 completed in 41.32 seconds |  Loss: 1.7096 | Accuracy: 75.46%
        [>] Test Loss: 1.7385 | Test Accuracy: 71.74%
[i] Epoch: 144 | Batch: 48/48 [######### ] | Loss: 1.6966 | Batch Time: 0.47s (lr=0.0025) | Accuracy: 75.51%
        [t] Epoch 144 completed in 43.12 seconds |  Loss: 1.7079 | Accuracy: 75.51%
        [>] Test Loss: 1.7431 | Test Accuracy: 71.81%
[i] Epoch: 145 | Batch: 48/48 [######### ] | Loss: 1.7473 | Batch Time: 0.47s (lr=0.0025) | Accuracy: 75.89%
        [t] Epoch 145 completed in 44.00 seconds |  Loss: 1.7055 | Accuracy: 75.89%
        [>] Test Loss: 1.7341 | Test Accuracy: 72.22%
[i] Epoch: 146 | Batch: 48/48 [######### ] | Loss: 1.7241 | Batch Time: 0.48s (lr=0.0025) | Accuracy: 75.17%
        [t] Epoch 146 completed in 42.61 seconds |  Loss: 1.7123 | Accuracy: 75.17%
        [>] Test Loss: 1.7565 | Test Accuracy: 70.78%
[i] Epoch: 147 | Batch: 48/48 [######### ] | Loss: 1.7138 | Batch Time: 0.36s (lr=0.0025) | Accuracy: 76.11%
        [t] Epoch 147 completed in 40.71 seconds |  Loss: 1.7027 | Accuracy: 76.11%
        [>] Test Loss: 1.7730 | Test Accuracy: 68.70%
[i] Epoch: 148 | Batch: 48/48 [######### ] | Loss: 1.6524 | Batch Time: 0.59s (lr=0.0025) | Accuracy: 75.75%
        [t] Epoch 148 completed in 41.10 seconds |  Loss: 1.7059 | Accuracy: 75.75%
        [>] Test Loss: 1.7486 | Test Accuracy: 71.52%
[i] Epoch: 149 | Batch: 48/48 [######### ] | Loss: 1.6863 | Batch Time: 0.34s (lr=0.0025) | Accuracy: 75.90%
        [t] Epoch 149 completed in 38.61 seconds |  Loss: 1.7045 | Accuracy: 75.90%
        [>] Test Loss: 1.7547 | Test Accuracy: 71.52%
Training complete
Saving model...