Class 0: 2700 members
Class 1: 2700 members
Class 2: 2700 members
Class 3: 2250 members
Class 4: 2250 members
Class 5: 1800 members
Class 6: 2250 members
Class 7: 2700 members
Class 8: 2250 members
Class 9: 2700 members
MPS available

[i] Epoch: 0 | Batch: 48/48 [######### ] | Loss: 2.2070 | Batch Time: 3.58s (lr=10) | Accuracy: 15.53%
        [t] Epoch 0 completed in 57.40 seconds |  Loss: 2.2696 | Accuracy: 15.53%
        [>] Test Loss: 2.2221 | Test Accuracy: 24.41%
[i] Epoch: 1 | Batch: 48/48 [######### ] | Loss: 2.1513 | Batch Time: 0.71s (lr=10) | Accuracy: 28.96%
        [t] Epoch 1 completed in 61.21 seconds |  Loss: 2.1609 | Accuracy: 28.96%
        [>] Test Loss: 2.1418 | Test Accuracy: 29.93%
[i] Epoch: 2 | Batch: 48/48 [######### ] | Loss: 2.1451 | Batch Time: 0.56s (lr=10) | Accuracy: 30.42%
        [t] Epoch 2 completed in 64.52 seconds |  Loss: 2.1373 | Accuracy: 30.42%
        [>] Test Loss: 2.1296 | Test Accuracy: 30.19%
[i] Epoch: 3 | Batch: 48/48 [######### ] | Loss: 2.0455 | Batch Time: 0.66s (lr=10) | Accuracy: 37.12%
        [t] Epoch 3 completed in 65.57 seconds |  Loss: 2.0870 | Accuracy: 37.12%
        [>] Test Loss: 2.0986 | Test Accuracy: 36.67%
[i] Epoch: 4 | Batch: 48/48 [######### ] | Loss: 2.0418 | Batch Time: 0.95s (lr=10) | Accuracy: 41.22%
        [t] Epoch 4 completed in 59.52 seconds |  Loss: 2.0524 | Accuracy: 41.22%
        [>] Test Loss: 2.0641 | Test Accuracy: 39.52%
[i] Epoch: 5 | Batch: 48/48 [######### ] | Loss: 1.9979 | Batch Time: 0.45s (lr=10) | Accuracy: 43.34%
        [t] Epoch 5 completed in 55.93 seconds |  Loss: 2.0242 | Accuracy: 43.34%
        [>] Test Loss: 2.0524 | Test Accuracy: 40.19%
[i] Epoch: 6 | Batch: 48/48 [######### ] | Loss: 2.0087 | Batch Time: 0.56s (lr=10) | Accuracy: 44.54%
        [t] Epoch 6 completed in 57.48 seconds |  Loss: 2.0121 | Accuracy: 44.54%
        [>] Test Loss: 2.0660 | Test Accuracy: 38.19%
[i] Epoch: 7 | Batch: 48/48 [######### ] | Loss: 2.0433 | Batch Time: 0.73s (lr=10) | Accuracy: 41.42%
        [t] Epoch 7 completed in 54.15 seconds |  Loss: 2.0408 | Accuracy: 41.42%
        [>] Test Loss: 2.1107 | Test Accuracy: 33.37%
[i] Epoch: 8 | Batch: 48/48 [######### ] | Loss: 2.0563 | Batch Time: 0.76s (lr=10) | Accuracy: 43.34%
        [t] Epoch 8 completed in 53.76 seconds |  Loss: 2.0240 | Accuracy: 43.34%
        [>] Test Loss: 2.1474 | Test Accuracy: 28.93%
[i] Epoch: 9 | Batch: 48/48 [######### ] | Loss: 2.0013 | Batch Time: 0.40s (lr=10) | Accuracy: 45.50%
        [t] Epoch 9 completed in 54.77 seconds |  Loss: 2.0101 | Accuracy: 45.50%
        [>] Test Loss: 2.1633 | Test Accuracy: 26.30%
[i] Epoch: 10 | Batch: 48/48 [######### ] | Loss: 1.9289 | Batch Time: 0.52s (lr=10) | Accuracy: 48.93%
        [t] Epoch 10 completed in 54.25 seconds |  Loss: 1.9767 | Accuracy: 48.93%
        [>] Test Loss: 2.0612 | Test Accuracy: 39.44%
[i] Epoch: 11 | Batch: 48/48 [######### ] | Loss: 1.9602 | Batch Time: 0.50s (lr=10) | Accuracy: 51.19%
        [t] Epoch 11 completed in 52.16 seconds |  Loss: 1.9526 | Accuracy: 51.19%
        [>] Test Loss: 1.9713 | Test Accuracy: 48.59%
[i] Epoch: 12 | Batch: 48/48 [######### ] | Loss: 1.9327 | Batch Time: 0.85s (lr=10) | Accuracy: 51.90%
        [t] Epoch 12 completed in 52.03 seconds |  Loss: 1.9424 | Accuracy: 51.90%
        [>] Test Loss: 2.0113 | Test Accuracy: 44.04%
[i] Epoch: 13 | Batch: 48/48 [######### ] | Loss: 1.8854 | Batch Time: 0.55s (lr=10) | Accuracy: 52.51%
        [t] Epoch 13 completed in 43.58 seconds |  Loss: 1.9361 | Accuracy: 52.51%
        [>] Test Loss: 2.0021 | Test Accuracy: 44.44%
[i] Epoch: 14 | Batch: 48/48 [######### ] | Loss: 1.9393 | Batch Time: 0.34s (lr=10) | Accuracy: 52.81%
        [t] Epoch 14 completed in 42.08 seconds |  Loss: 1.9329 | Accuracy: 52.81%
        [>] Test Loss: 2.0402 | Test Accuracy: 40.78%
[i] Epoch: 15 | Batch: 48/48 [######### ] | Loss: 1.9549 | Batch Time: 0.37s (lr=10) | Accuracy: 53.20%
        [t] Epoch 15 completed in 43.26 seconds |  Loss: 1.9293 | Accuracy: 53.20%
        [>] Test Loss: 1.9825 | Test Accuracy: 46.78%
[i] Epoch: 16 | Batch: 48/48 [######### ] | Loss: 1.8751 | Batch Time: 0.38s (lr=10) | Accuracy: 53.61%
        [t] Epoch 16 completed in 43.95 seconds |  Loss: 1.9245 | Accuracy: 53.61%
        [>] Test Loss: 1.9492 | Test Accuracy: 50.22%
[i] Epoch: 17 | Batch: 48/48 [######### ] | Loss: 1.9334 | Batch Time: 0.35s (lr=10) | Accuracy: 54.23%
        [t] Epoch 17 completed in 43.31 seconds |  Loss: 1.9191 | Accuracy: 54.23%
        [>] Test Loss: 1.9736 | Test Accuracy: 47.52%
[i] Epoch: 18 | Batch: 48/48 [######### ] | Loss: 1.8778 | Batch Time: 0.50s (lr=10) | Accuracy: 54.34%
        [t] Epoch 18 completed in 43.24 seconds |  Loss: 1.9169 | Accuracy: 54.34%
        [>] Test Loss: 1.9763 | Test Accuracy: 47.56%
[i] Epoch: 19 | Batch: 48/48 [######### ] | Loss: 1.9351 | Batch Time: 0.34s (lr=10) | Accuracy: 54.31%
        [t] Epoch 19 completed in 39.74 seconds |  Loss: 1.9173 | Accuracy: 54.31%
        [>] Test Loss: 1.9294 | Test Accuracy: 53.07%
[i] Epoch: 20 | Batch: 48/48 [######### ] | Loss: 1.9205 | Batch Time: 0.33s (lr=10) | Accuracy: 55.40%
        [t] Epoch 20 completed in 40.91 seconds |  Loss: 1.9066 | Accuracy: 55.40%
        [>] Test Loss: 1.9664 | Test Accuracy: 47.89%
[i] Epoch: 21 | Batch: 48/48 [######### ] | Loss: 1.8822 | Batch Time: 0.41s (lr=10) | Accuracy: 55.23%
        [t] Epoch 21 completed in 41.94 seconds |  Loss: 1.9078 | Accuracy: 55.23%
        [>] Test Loss: 1.9854 | Test Accuracy: 45.52%
[i] Epoch: 22 | Batch: 48/48 [######### ] | Loss: 1.8760 | Batch Time: 0.37s (lr=10) | Accuracy: 55.21%
        [t] Epoch 22 completed in 40.99 seconds |  Loss: 1.9071 | Accuracy: 55.21%
        [>] Test Loss: 1.9730 | Test Accuracy: 46.74%
[i] Epoch: 23 | Batch: 48/48 [######### ] | Loss: 1.8610 | Batch Time: 0.37s (lr=10) | Accuracy: 55.26%
        [t] Epoch 23 completed in 39.92 seconds |  Loss: 1.9062 | Accuracy: 55.26%
        [>] Test Loss: 1.9909 | Test Accuracy: 45.00%
[i] Epoch: 24 | Batch: 48/48 [######### ] | Loss: 1.8591 | Batch Time: 0.34s (lr=10) | Accuracy: 55.71%
        [t] Epoch 24 completed in 41.23 seconds |  Loss: 1.9015 | Accuracy: 55.71%
        [>] Test Loss: 1.9991 | Test Accuracy: 44.04%
[i] Epoch: 25 | Batch: 48/48 [######### ] | Loss: 1.8858 | Batch Time: 0.43s (lr=10) | Accuracy: 56.16%
        [t] Epoch 25 completed in 43.25 seconds |  Loss: 1.8967 | Accuracy: 56.16%
        [>] Test Loss: 1.9593 | Test Accuracy: 49.22%
[i] Epoch: 26 | Batch: 48/48 [######### ] | Loss: 1.8712 | Batch Time: 0.35s (lr=10) | Accuracy: 56.36%
        [t] Epoch 26 completed in 43.52 seconds |  Loss: 1.8936 | Accuracy: 56.36%
        [>] Test Loss: 1.9481 | Test Accuracy: 49.52%
[i] Epoch: 27 | Batch: 48/48 [######### ] | Loss: 1.9343 | Batch Time: 0.49s (lr=10) | Accuracy: 56.42%
        [t] Epoch 27 completed in 42.63 seconds |  Loss: 1.8924 | Accuracy: 56.42%
        [>] Test Loss: 1.9427 | Test Accuracy: 50.48%
[i] Epoch: 28 | Batch: 48/48 [######### ] | Loss: 1.8848 | Batch Time: 0.46s (lr=10) | Accuracy: 56.03%
        [t] Epoch 28 completed in 41.36 seconds |  Loss: 1.8951 | Accuracy: 56.03%
        [>] Test Loss: 1.9874 | Test Accuracy: 45.48%
[i] Epoch: 29 | Batch: 48/48 [######### ] | Loss: 1.8668 | Batch Time: 0.51s (lr=10) | Accuracy: 56.57%
        [t] Epoch 29 completed in 40.86 seconds |  Loss: 1.8880 | Accuracy: 56.57%
        [>] Test Loss: 1.9081 | Test Accuracy: 54.63%
[i] Epoch: 30 | Batch: 48/48 [######### ] | Loss: 1.8378 | Batch Time: 0.45s (lr=10) | Accuracy: 57.93%
        [t] Epoch 30 completed in 40.15 seconds |  Loss: 1.8761 | Accuracy: 57.93%
        [>] Test Loss: 1.9161 | Test Accuracy: 54.56%
[i] Epoch: 31 | Batch: 48/48 [######### ] | Loss: 1.8380 | Batch Time: 0.60s (lr=10) | Accuracy: 59.26%
        [t] Epoch 31 completed in 41.39 seconds |  Loss: 1.8732 | Accuracy: 59.26%
        [>] Test Loss: 1.9234 | Test Accuracy: 53.00%
[i] Epoch: 32 | Batch: 48/48 [######### ] | Loss: 1.8139 | Batch Time: 0.34s (lr=10) | Accuracy: 60.62%
        [t] Epoch 32 completed in 41.27 seconds |  Loss: 1.8633 | Accuracy: 60.62%
        [>] Test Loss: 1.9351 | Test Accuracy: 52.67%
[i] Epoch: 33 | Batch: 48/48 [######### ] | Loss: 1.7919 | Batch Time: 0.35s (lr=10) | Accuracy: 60.80%
        [t] Epoch 33 completed in 42.09 seconds |  Loss: 1.8612 | Accuracy: 60.80%
        [>] Test Loss: 1.9033 | Test Accuracy: 56.81%
[i] Epoch: 34 | Batch: 48/48 [######### ] | Loss: 1.8567 | Batch Time: 0.33s (lr=10) | Accuracy: 61.09%
        [t] Epoch 34 completed in 39.84 seconds |  Loss: 1.8571 | Accuracy: 61.09%
        [>] Test Loss: 1.8901 | Test Accuracy: 57.93%
[i] Epoch: 35 | Batch: 48/48 [######### ] | Loss: 1.8605 | Batch Time: 0.34s (lr=10) | Accuracy: 62.20%
        [t] Epoch 35 completed in 42.54 seconds |  Loss: 1.8454 | Accuracy: 62.20%
        [>] Test Loss: 1.8977 | Test Accuracy: 57.67%
[i] Epoch: 36 | Batch: 48/48 [######### ] | Loss: 1.8260 | Batch Time: 0.34s (lr=10) | Accuracy: 61.63%
        [t] Epoch 36 completed in 43.52 seconds |  Loss: 1.8489 | Accuracy: 61.63%
        [>] Test Loss: 1.8874 | Test Accuracy: 57.15%
[i] Epoch: 37 | Batch: 48/48 [######### ] | Loss: 1.8485 | Batch Time: 0.36s (lr=10) | Accuracy: 62.28%
        [t] Epoch 37 completed in 43.94 seconds |  Loss: 1.8422 | Accuracy: 62.28%
        [>] Test Loss: 1.9060 | Test Accuracy: 56.96%
[i] Epoch: 38 | Batch: 48/48 [######### ] | Loss: 1.8342 | Batch Time: 0.38s (lr=10) | Accuracy: 61.09%
        [t] Epoch 38 completed in 43.82 seconds |  Loss: 1.8528 | Accuracy: 61.09%
        [>] Test Loss: 1.9157 | Test Accuracy: 55.07%
[i] Epoch: 39 | Batch: 48/48 [######### ] | Loss: 1.8098 | Batch Time: 0.37s (lr=10) | Accuracy: 62.45%
        [t] Epoch 39 completed in 40.30 seconds |  Loss: 1.8387 | Accuracy: 62.45%
        [>] Test Loss: 1.8899 | Test Accuracy: 58.41%
[i] Epoch: 40 | Batch: 48/48 [######### ] | Loss: 1.7952 | Batch Time: 0.33s (lr=10) | Accuracy: 61.62%
        [t] Epoch 40 completed in 40.67 seconds |  Loss: 1.8469 | Accuracy: 61.62%
        [>] Test Loss: 1.8797 | Test Accuracy: 59.30%
[i] Epoch: 41 | Batch: 48/48 [######### ] | Loss: 1.8441 | Batch Time: 0.43s (lr=10) | Accuracy: 62.59%
        [t] Epoch 41 completed in 42.49 seconds |  Loss: 1.8376 | Accuracy: 62.59%
        [>] Test Loss: 1.8839 | Test Accuracy: 58.96%
[i] Epoch: 42 | Batch: 48/48 [######### ] | Loss: 1.8161 | Batch Time: 0.31s (lr=10) | Accuracy: 62.82%
        [t] Epoch 42 completed in 41.93 seconds |  Loss: 1.8351 | Accuracy: 62.82%
        [>] Test Loss: 1.9062 | Test Accuracy: 55.85%
[i] Epoch: 43 | Batch: 48/48 [######### ] | Loss: 1.8197 | Batch Time: 0.35s (lr=10) | Accuracy: 62.37%
        [t] Epoch 43 completed in 41.53 seconds |  Loss: 1.8395 | Accuracy: 62.37%
        [>] Test Loss: 1.8595 | Test Accuracy: 61.11%
[i] Epoch: 44 | Batch: 48/48 [######### ] | Loss: 1.7973 | Batch Time: 0.36s (lr=10) | Accuracy: 62.83%
        [t] Epoch 44 completed in 40.82 seconds |  Loss: 1.8341 | Accuracy: 62.83%
        [>] Test Loss: 1.8579 | Test Accuracy: 60.89%
[i] Epoch: 45 | Batch: 48/48 [######### ] | Loss: 1.8369 | Batch Time: 0.36s (lr=10) | Accuracy: 62.77%
        [t] Epoch 45 completed in 41.78 seconds |  Loss: 1.8346 | Accuracy: 62.77%
        [>] Test Loss: 1.9644 | Test Accuracy: 49.56%
[i] Epoch: 46 | Batch: 48/48 [######### ] | Loss: 1.8124 | Batch Time: 0.35s (lr=10) | Accuracy: 62.73%
        [t] Epoch 46 completed in 44.58 seconds |  Loss: 1.8349 | Accuracy: 62.73%
        [>] Test Loss: 1.8622 | Test Accuracy: 59.41%
[i] Epoch: 47 | Batch: 48/48 [######### ] | Loss: 1.8218 | Batch Time: 0.34s (lr=10) | Accuracy: 62.62%
        [t] Epoch 47 completed in 43.83 seconds |  Loss: 1.8359 | Accuracy: 62.62%
        [>] Test Loss: 1.9473 | Test Accuracy: 50.78%
[i] Epoch: 48 | Batch: 48/48 [######### ] | Loss: 1.7839 | Batch Time: 0.37s (lr=10) | Accuracy: 63.61%
        [t] Epoch 48 completed in 43.59 seconds |  Loss: 1.8255 | Accuracy: 63.61%
        [>] Test Loss: 1.8996 | Test Accuracy: 56.85%
[i] Epoch: 49 | Batch: 48/48 [######### ] | Loss: 1.8025 | Batch Time: 0.73s (lr=10) | Accuracy: 63.65%
        [t] Epoch 49 completed in 42.39 seconds |  Loss: 1.8262 | Accuracy: 63.65%
        [>] Test Loss: 1.8581 | Test Accuracy: 61.33%
[i] Epoch: 50 | Batch: 48/48 [######### ] | Loss: 1.9101 | Batch Time: 0.46s (lr=10) | Accuracy: 63.24%
        [t] Epoch 50 completed in 40.49 seconds |  Loss: 1.8314 | Accuracy: 63.24%
        [>] Test Loss: 1.8614 | Test Accuracy: 60.00%
[i] Epoch: 51 | Batch: 48/48 [######### ] | Loss: 1.8120 | Batch Time: 0.42s (lr=10) | Accuracy: 62.69%
        [t] Epoch 51 completed in 40.85 seconds |  Loss: 1.8355 | Accuracy: 62.69%
        [>] Test Loss: 1.8705 | Test Accuracy: 58.89%
[i] Epoch: 52 | Batch: 48/48 [######### ] | Loss: 1.7503 | Batch Time: 0.33s (lr=10) | Accuracy: 63.24%
        [t] Epoch 52 completed in 42.11 seconds |  Loss: 1.8289 | Accuracy: 63.24%
        [>] Test Loss: 1.8417 | Test Accuracy: 60.93%
[i] Epoch: 53 | Batch: 48/48 [######### ] | Loss: 1.8073 | Batch Time: 0.48s (lr=10) | Accuracy: 63.83%
        [t] Epoch 53 completed in 42.71 seconds |  Loss: 1.8233 | Accuracy: 63.83%
        [>] Test Loss: 1.8378 | Test Accuracy: 62.30%
[i] Epoch: 54 | Batch: 48/48 [######### ] | Loss: 1.8287 | Batch Time: 0.36s (lr=10) | Accuracy: 64.34%
        [t] Epoch 54 completed in 41.30 seconds |  Loss: 1.8181 | Accuracy: 64.34%
        [>] Test Loss: 1.8324 | Test Accuracy: 61.96%
[i] Epoch: 55 | Batch: 48/48 [######### ] | Loss: 1.9077 | Batch Time: 0.43s (lr=10) | Accuracy: 63.01%
        [t] Epoch 55 completed in 39.87 seconds |  Loss: 1.8318 | Accuracy: 63.01%
        [>] Test Loss: 1.9165 | Test Accuracy: 54.11%
[i] Epoch: 56 | Batch: 48/48 [######### ] | Loss: 1.8694 | Batch Time: 0.37s (lr=10) | Accuracy: 62.44%
        [t] Epoch 56 completed in 42.74 seconds |  Loss: 1.8375 | Accuracy: 62.44%
        [>] Test Loss: 1.8631 | Test Accuracy: 59.22%
[i] Epoch: 57 | Batch: 48/48 [######### ] | Loss: 1.7580 | Batch Time: 0.35s (lr=10) | Accuracy: 62.74%
        [t] Epoch 57 completed in 44.98 seconds |  Loss: 1.8331 | Accuracy: 62.74%
        [>] Test Loss: 1.9013 | Test Accuracy: 55.89%
[i] Epoch: 58 | Batch: 48/48 [######### ] | Loss: 1.8567 | Batch Time: 0.38s (lr=10) | Accuracy: 63.63%
        [t] Epoch 58 completed in 43.67 seconds |  Loss: 1.8255 | Accuracy: 63.63%
        [>] Test Loss: 1.8726 | Test Accuracy: 58.22%
[i] Epoch: 59 | Batch: 48/48 [######### ] | Loss: 1.8177 | Batch Time: 0.64s (lr=10) | Accuracy: 63.78%
        [t] Epoch 59 completed in 43.61 seconds |  Loss: 1.8235 | Accuracy: 63.78%
        [>] Test Loss: 1.9128 | Test Accuracy: 54.56%
[i] Epoch: 60 | Batch: 48/48 [######### ] | Loss: 1.7957 | Batch Time: 0.34s (lr=10) | Accuracy: 63.89%
        [t] Epoch 60 completed in 40.07 seconds |  Loss: 1.8221 | Accuracy: 63.89%
        [>] Test Loss: 1.8922 | Test Accuracy: 56.74%
[i] Epoch: 61 | Batch: 48/48 [######### ] | Loss: 1.7394 | Batch Time: 0.43s (lr=10) | Accuracy: 63.06%
        [t] Epoch 61 completed in 40.68 seconds |  Loss: 1.8295 | Accuracy: 63.06%
        [>] Test Loss: 1.8708 | Test Accuracy: 59.30%
[i] Epoch: 62 | Batch: 48/48 [######### ] | Loss: 1.7718 | Batch Time: 0.32s (lr=10) | Accuracy: 63.45%
        [t] Epoch 62 completed in 42.29 seconds |  Loss: 1.8266 | Accuracy: 63.45%
        [>] Test Loss: 1.9355 | Test Accuracy: 52.33%
[i] Epoch: 63 | Batch: 48/48 [######### ] | Loss: 1.7793 | Batch Time: 0.55s (lr=10) | Accuracy: 63.04%
        [t] Epoch 63 completed in 42.98 seconds |  Loss: 1.8305 | Accuracy: 63.04%
        [>] Test Loss: 1.8871 | Test Accuracy: 57.52%
[i] Epoch: 64 | Batch: 48/48 [######### ] | Loss: 1.7925 | Batch Time: 0.46s (lr=10) | Accuracy: 63.76%
        [t] Epoch 64 completed in 42.17 seconds |  Loss: 1.8258 | Accuracy: 63.76%
        [>] Test Loss: 1.8612 | Test Accuracy: 60.33%
[i] Epoch: 65 | Batch: 48/48 [######### ] | Loss: 1.8244 | Batch Time: 0.35s (lr=10) | Accuracy: 64.20%
        [t] Epoch 65 completed in 40.74 seconds |  Loss: 1.8197 | Accuracy: 64.20%
        [>] Test Loss: 1.8728 | Test Accuracy: 59.00%
[i] Epoch: 66 | Batch: 48/48 [######### ] | Loss: 1.7897 | Batch Time: 0.46s (lr=10) | Accuracy: 64.17%
        [t] Epoch 66 completed in 41.21 seconds |  Loss: 1.8181 | Accuracy: 64.17%
        [>] Test Loss: 1.8942 | Test Accuracy: 56.52%
[i] Epoch: 67 | Batch: 48/48 [######### ] | Loss: 1.8340 | Batch Time: 0.47s (lr=10) | Accuracy: 64.18%
        [t] Epoch 67 completed in 43.26 seconds |  Loss: 1.8194 | Accuracy: 64.18%
        [>] Test Loss: 1.8655 | Test Accuracy: 60.00%
[i] Epoch: 68 | Batch: 48/48 [######### ] | Loss: 1.7973 | Batch Time: 0.48s (lr=10) | Accuracy: 64.32%
        [t] Epoch 68 completed in 44.08 seconds |  Loss: 1.8172 | Accuracy: 64.32%
        [>] Test Loss: 1.8434 | Test Accuracy: 62.30%
[i] Epoch: 69 | Batch: 48/48 [######### ] | Loss: 1.8086 | Batch Time: 0.50s (lr=10) | Accuracy: 64.07%
        [t] Epoch 69 completed in 44.58 seconds |  Loss: 1.8196 | Accuracy: 64.07%
        [>] Test Loss: 1.8566 | Test Accuracy: 61.22%
[i] Epoch: 70 | Batch: 48/48 [######### ] | Loss: 1.8476 | Batch Time: 0.58s (lr=10) | Accuracy: 64.81%
        [t] Epoch 70 completed in 42.46 seconds |  Loss: 1.8135 | Accuracy: 64.81%
        [>] Test Loss: 1.8116 | Test Accuracy: 64.44%
[i] Epoch: 71 | Batch: 48/48 [######### ] | Loss: 1.8586 | Batch Time: 0.52s (lr=10) | Accuracy: 64.60%
        [t] Epoch 71 completed in 39.71 seconds |  Loss: 1.8150 | Accuracy: 64.60%
        [>] Test Loss: 1.8373 | Test Accuracy: 61.74%
[i] Epoch: 72 | Batch: 48/48 [######### ] | Loss: 1.8355 | Batch Time: 0.48s (lr=10) | Accuracy: 64.02%
        [t] Epoch 72 completed in 41.48 seconds |  Loss: 1.8205 | Accuracy: 64.02%
        [>] Test Loss: 1.9055 | Test Accuracy: 54.81%
[i] Epoch: 73 | Batch: 48/48 [######### ] | Loss: 1.7707 | Batch Time: 0.46s (lr=10) | Accuracy: 64.40%
        [t] Epoch 73 completed in 42.32 seconds |  Loss: 1.8158 | Accuracy: 64.40%
        [>] Test Loss: 1.8965 | Test Accuracy: 56.56%
[i] Epoch: 74 | Batch: 48/48 [######### ] | Loss: 1.8169 | Batch Time: 0.60s (lr=10) | Accuracy: 64.37%
        [t] Epoch 74 completed in 42.69 seconds |  Loss: 1.8170 | Accuracy: 64.37%
        [>] Test Loss: 1.8460 | Test Accuracy: 61.37%
[i] Epoch: 75 | Batch: 48/48 [######### ] | Loss: 1.8108 | Batch Time: 0.55s (lr=10) | Accuracy: 64.56%
        [t] Epoch 75 completed in 41.64 seconds |  Loss: 1.8149 | Accuracy: 64.56%
        [>] Test Loss: 1.8848 | Test Accuracy: 57.93%
[i] Epoch: 76 | Batch: 48/48 [######### ] | Loss: 1.8222 | Batch Time: 0.48s (lr=10) | Accuracy: 64.92%
        [t] Epoch 76 completed in 40.70 seconds |  Loss: 1.8120 | Accuracy: 64.92%
        [>] Test Loss: 1.9084 | Test Accuracy: 55.04%
[i] Epoch: 77 | Batch: 48/48 [######### ] | Loss: 1.7921 | Batch Time: 0.49s (lr=10) | Accuracy: 64.14%
        [t] Epoch 77 completed in 41.88 seconds |  Loss: 1.8184 | Accuracy: 64.14%
        [>] Test Loss: 1.8761 | Test Accuracy: 58.15%
[i] Epoch: 78 | Batch: 48/48 [######### ] | Loss: 1.8185 | Batch Time: 0.47s (lr=10) | Accuracy: 65.02%
        [t] Epoch 78 completed in 43.49 seconds |  Loss: 1.8095 | Accuracy: 65.02%
        [>] Test Loss: 1.8831 | Test Accuracy: 57.63%
[i] Epoch: 79 | Batch: 48/48 [######### ] | Loss: 1.7960 | Batch Time: 0.52s (lr=10) | Accuracy: 65.00%
        [t] Epoch 79 completed in 43.68 seconds |  Loss: 1.8106 | Accuracy: 65.00%
        [>] Test Loss: 1.8273 | Test Accuracy: 63.63%
[i] Epoch: 80 | Batch: 48/48 [######### ] | Loss: 1.8352 | Batch Time: 0.93s (lr=10) | Accuracy: 65.25%
        [t] Epoch 80 completed in 42.98 seconds |  Loss: 1.8095 | Accuracy: 65.25%
        [>] Test Loss: 1.8677 | Test Accuracy: 59.63%
[i] Epoch: 81 | Batch: 48/48 [######### ] | Loss: 1.7651 | Batch Time: 0.50s (lr=10) | Accuracy: 63.84%
        [t] Epoch 81 completed in 41.15 seconds |  Loss: 1.8229 | Accuracy: 63.84%
        [>] Test Loss: 1.8649 | Test Accuracy: 59.74%
[i] Epoch: 82 | Batch: 48/48 [######### ] | Loss: 1.7847 | Batch Time: 0.46s (lr=10) | Accuracy: 65.21%
        [t] Epoch 82 completed in 41.74 seconds |  Loss: 1.8094 | Accuracy: 65.21%
        [>] Test Loss: 1.8899 | Test Accuracy: 57.22%
[i] Epoch: 83 | Batch: 48/48 [######### ] | Loss: 1.7999 | Batch Time: 0.47s (lr=10) | Accuracy: 65.73%
        [t] Epoch 83 completed in 42.02 seconds |  Loss: 1.8058 | Accuracy: 65.73%
        [>] Test Loss: 1.8702 | Test Accuracy: 58.67%
[i] Epoch: 84 | Batch: 48/48 [######### ] | Loss: 1.7704 | Batch Time: 0.60s (lr=10) | Accuracy: 65.51%
        [t] Epoch 84 completed in 43.92 seconds |  Loss: 1.8087 | Accuracy: 65.51%
        [>] Test Loss: 1.8433 | Test Accuracy: 61.89%
[i] Epoch: 85 | Batch: 48/48 [######### ] | Loss: 1.8133 | Batch Time: 0.48s (lr=10) | Accuracy: 65.90%
        [t] Epoch 85 completed in 42.72 seconds |  Loss: 1.8078 | Accuracy: 65.90%
        [>] Test Loss: 1.8250 | Test Accuracy: 63.37%
[i] Epoch: 86 | Batch: 48/48 [######### ] | Loss: 1.7896 | Batch Time: 0.59s (lr=10) | Accuracy: 67.27%
        [t] Epoch 86 completed in 40.77 seconds |  Loss: 1.8004 | Accuracy: 67.27%
        [>] Test Loss: 1.8533 | Test Accuracy: 61.07%
[i] Epoch: 87 | Batch: 48/48 [######### ] | Loss: 1.8111 | Batch Time: 0.48s (lr=10) | Accuracy: 67.80%
        [t] Epoch 87 completed in 41.12 seconds |  Loss: 1.7934 | Accuracy: 67.80%
        [>] Test Loss: 1.8604 | Test Accuracy: 60.41%
[i] Epoch: 88 | Batch: 48/48 [######### ] | Loss: 1.7746 | Batch Time: 0.56s (lr=10) | Accuracy: 66.66%
        [t] Epoch 88 completed in 42.88 seconds |  Loss: 1.8018 | Accuracy: 66.66%
        [>] Test Loss: 1.8358 | Test Accuracy: 63.15%
[i] Epoch: 89 | Batch: 48/48 [######### ] | Loss: 1.7535 | Batch Time: 0.48s (lr=10) | Accuracy: 67.75%
        [t] Epoch 89 completed in 43.09 seconds |  Loss: 1.7930 | Accuracy: 67.75%
        [>] Test Loss: 1.8729 | Test Accuracy: 58.67%
[i] Epoch: 90 | Batch: 48/48 [######### ] | Loss: 1.8129 | Batch Time: 0.47s (lr=10) | Accuracy: 68.49%
        [t] Epoch 90 completed in 42.70 seconds |  Loss: 1.7887 | Accuracy: 68.49%
        [>] Test Loss: 1.8835 | Test Accuracy: 57.78%
[i] Epoch: 91 | Batch: 48/48 [######### ] | Loss: 1.7086 | Batch Time: 0.46s (lr=10) | Accuracy: 69.02%
        [t] Epoch 91 completed in 41.61 seconds |  Loss: 1.7793 | Accuracy: 69.02%
        [>] Test Loss: 1.8439 | Test Accuracy: 62.93%
[i] Epoch: 92 | Batch: 48/48 [######### ] | Loss: 1.7609 | Batch Time: 0.48s (lr=10) | Accuracy: 68.77%
        [t] Epoch 92 completed in 41.31 seconds |  Loss: 1.7833 | Accuracy: 68.77%
        [>] Test Loss: 1.8212 | Test Accuracy: 64.67%
[i] Epoch: 93 | Batch: 48/48 [######### ] | Loss: 1.8167 | Batch Time: 0.48s (lr=10) | Accuracy: 69.11%
        [t] Epoch 93 completed in 42.00 seconds |  Loss: 1.7791 | Accuracy: 69.11%
        [>] Test Loss: 1.8140 | Test Accuracy: 65.30%
[i] Epoch: 94 | Batch: 48/48 [######### ] | Loss: 1.7335 | Batch Time: 0.53s (lr=10) | Accuracy: 68.99%
        [t] Epoch 94 completed in 43.21 seconds |  Loss: 1.7789 | Accuracy: 68.99%
        [>] Test Loss: 1.8083 | Test Accuracy: 66.07%
[i] Epoch: 95 | Batch: 48/48 [######### ] | Loss: 1.7101 | Batch Time: 0.39s (lr=10) | Accuracy: 69.02%
        [t] Epoch 95 completed in 42.82 seconds |  Loss: 1.7786 | Accuracy: 69.02%
        [>] Test Loss: 1.8553 | Test Accuracy: 61.22%
[i] Epoch: 96 | Batch: 48/48 [######### ] | Loss: 1.7607 | Batch Time: 0.34s (lr=10) | Accuracy: 69.60%
        [t] Epoch 96 completed in 40.84 seconds |  Loss: 1.7722 | Accuracy: 69.60%
        [>] Test Loss: 1.8202 | Test Accuracy: 64.19%
[i] Epoch: 97 | Batch: 48/48 [######### ] | Loss: 1.7523 | Batch Time: 0.48s (lr=10) | Accuracy: 69.48%
        [t] Epoch 97 completed in 42.31 seconds |  Loss: 1.7718 | Accuracy: 69.48%
        [>] Test Loss: 1.9029 | Test Accuracy: 55.70%
[i] Epoch: 98 | Batch: 48/48 [######### ] | Loss: 1.7886 | Batch Time: 0.40s (lr=10) | Accuracy: 69.09%
        [t] Epoch 98 completed in 43.36 seconds |  Loss: 1.7758 | Accuracy: 69.09%
        [>] Test Loss: 1.8125 | Test Accuracy: 64.33%
[i] Epoch: 99 | Batch: 48/48 [######### ] | Loss: 1.7772 | Batch Time: 0.42s (lr=10) | Accuracy: 68.98%
        [t] Epoch 99 completed in 42.60 seconds |  Loss: 1.7770 | Accuracy: 68.98%
        [>] Test Loss: 1.8395 | Test Accuracy: 62.85%
[i] Epoch: 100 | Batch: 48/48 [######### ] | Loss: 1.7445 | Batch Time: 0.42s (lr=10) | Accuracy: 68.86%
        [t] Epoch 100 completed in 42.80 seconds |  Loss: 1.7757 | Accuracy: 68.86%
        [>] Test Loss: 1.7864 | Test Accuracy: 67.22%
[i] Epoch: 101 | Batch: 48/48 [######### ] | Loss: 1.7329 | Batch Time: 0.60s (lr=10) | Accuracy: 69.71%
        [t] Epoch 101 completed in 42.03 seconds |  Loss: 1.7677 | Accuracy: 69.71%
        [>] Test Loss: 1.8249 | Test Accuracy: 62.22%
[i] Epoch: 102 | Batch: 48/48 [######### ] | Loss: 1.7426 | Batch Time: 0.34s (lr=10) | Accuracy: 67.53%
        [t] Epoch 102 completed in 41.10 seconds |  Loss: 1.7892 | Accuracy: 67.53%
        [>] Test Loss: 1.8733 | Test Accuracy: 58.37%
[i] Epoch: 103 | Batch: 48/48 [######### ] | Loss: 1.7129 | Batch Time: 0.34s (lr=10) | Accuracy: 69.53%
        [t] Epoch 103 completed in 42.09 seconds |  Loss: 1.7685 | Accuracy: 69.53%
        [>] Test Loss: 1.8237 | Test Accuracy: 64.07%
[i] Epoch: 104 | Batch: 48/48 [######### ] | Loss: 1.7867 | Batch Time: 0.42s (lr=10) | Accuracy: 68.35%
        [t] Epoch 104 completed in 43.10 seconds |  Loss: 1.7804 | Accuracy: 68.35%
        [>] Test Loss: 1.8057 | Test Accuracy: 64.15%
[i] Epoch: 105 | Batch: 48/48 [######### ] | Loss: 1.7212 | Batch Time: 0.41s (lr=10) | Accuracy: 70.54%
        [t] Epoch 105 completed in 43.51 seconds |  Loss: 1.7585 | Accuracy: 70.54%
        [>] Test Loss: 1.8102 | Test Accuracy: 64.37%
[i] Epoch: 106 | Batch: 48/48 [######### ] | Loss: 1.7438 | Batch Time: 0.68s (lr=10) | Accuracy: 70.32%
        [t] Epoch 106 completed in 41.45 seconds |  Loss: 1.7612 | Accuracy: 70.32%
        [>] Test Loss: 1.8089 | Test Accuracy: 65.33%
[i] Epoch: 107 | Batch: 48/48 [######### ] | Loss: 1.8068 | Batch Time: 0.47s (lr=10) | Accuracy: 69.73%
        [t] Epoch 107 completed in 40.47 seconds |  Loss: 1.7668 | Accuracy: 69.73%
        [>] Test Loss: 1.7912 | Test Accuracy: 66.15%
[i] Epoch: 108 | Batch: 48/48 [######### ] | Loss: 1.6771 | Batch Time: 0.48s (lr=10) | Accuracy: 69.68%
        [t] Epoch 108 completed in 41.44 seconds |  Loss: 1.7657 | Accuracy: 69.68%
        [>] Test Loss: 1.7897 | Test Accuracy: 66.48%
[i] Epoch: 109 | Batch: 48/48 [######### ] | Loss: 1.7559 | Batch Time: 0.34s (lr=10) | Accuracy: 68.23%
        [t] Epoch 109 completed in 42.48 seconds |  Loss: 1.7812 | Accuracy: 68.23%
        [>] Test Loss: 1.8260 | Test Accuracy: 62.56%
[i] Epoch: 110 | Batch: 48/48 [######### ] | Loss: 1.7577 | Batch Time: 0.33s (lr=10) | Accuracy: 70.19%
        [t] Epoch 110 completed in 43.40 seconds |  Loss: 1.7622 | Accuracy: 70.19%
        [>] Test Loss: 1.8420 | Test Accuracy: 60.93%
[i] Epoch: 111 | Batch: 48/48 [######### ] | Loss: 1.7798 | Batch Time: 0.71s (lr=10) | Accuracy: 70.58%
        [t] Epoch 111 completed in 42.66 seconds |  Loss: 1.7579 | Accuracy: 70.58%
        [>] Test Loss: 1.8365 | Test Accuracy: 62.81%
[i] Epoch: 112 | Batch: 48/48 [######### ] | Loss: 1.7111 | Batch Time: 0.43s (lr=10) | Accuracy: 70.66%
        [t] Epoch 112 completed in 41.84 seconds |  Loss: 1.7564 | Accuracy: 70.66%
        [>] Test Loss: 1.8125 | Test Accuracy: 64.07%
[i] Epoch: 113 | Batch: 48/48 [######### ] | Loss: 1.7038 | Batch Time: 0.61s (lr=10) | Accuracy: 67.67%
        [t] Epoch 113 completed in 41.55 seconds |  Loss: 1.7860 | Accuracy: 67.67%
        [>] Test Loss: 1.8064 | Test Accuracy: 64.96%
[i] Epoch: 114 | Batch: 48/48 [######### ] | Loss: 1.7022 | Batch Time: 0.75s (lr=10) | Accuracy: 70.33%
        [t] Epoch 114 completed in 42.32 seconds |  Loss: 1.7599 | Accuracy: 70.33%
        [>] Test Loss: 1.8063 | Test Accuracy: 64.33%
[i] Epoch: 115 | Batch: 48/48 [######### ] | Loss: 1.7195 | Batch Time: 0.42s (lr=10) | Accuracy: 70.15%
        [t] Epoch 115 completed in 41.92 seconds |  Loss: 1.7613 | Accuracy: 70.15%
        [>] Test Loss: 1.9056 | Test Accuracy: 53.44%
[i] Epoch: 116 | Batch: 48/48 [######### ] | Loss: 1.7875 | Batch Time: 0.51s (lr=10) | Accuracy: 69.68%
        [t] Epoch 116 completed in 42.71 seconds |  Loss: 1.7663 | Accuracy: 69.68%
        [>] Test Loss: 1.8068 | Test Accuracy: 64.85%
[i] Epoch: 117 | Batch: 48/48 [######### ] | Loss: 1.7289 | Batch Time: 0.33s (lr=10) | Accuracy: 69.70%
        [t] Epoch 117 completed in 39.74 seconds |  Loss: 1.7650 | Accuracy: 69.70%
        [>] Test Loss: 1.7897 | Test Accuracy: 66.26%
[i] Epoch: 118 | Batch: 48/48 [######### ] | Loss: 1.8046 | Batch Time: 0.36s (lr=10) | Accuracy: 70.74%
        [t] Epoch 118 completed in 41.18 seconds |  Loss: 1.7560 | Accuracy: 70.74%
        [>] Test Loss: 1.8977 | Test Accuracy: 54.67%
[i] Epoch: 119 | Batch: 48/48 [######### ] | Loss: 1.7182 | Batch Time: 0.38s (lr=10) | Accuracy: 69.80%
        [t] Epoch 119 completed in 43.13 seconds |  Loss: 1.7643 | Accuracy: 69.80%
        [>] Test Loss: 1.8934 | Test Accuracy: 54.59%
[i] Epoch: 120 | Batch: 48/48 [######### ] | Loss: 1.7397 | Batch Time: 0.47s (lr=10) | Accuracy: 70.29%
        [t] Epoch 120 completed in 42.87 seconds |  Loss: 1.7594 | Accuracy: 70.29%
        [>] Test Loss: 1.8273 | Test Accuracy: 61.96%
[i] Epoch: 121 | Batch: 48/48 [######### ] | Loss: 1.7270 | Batch Time: 0.55s (lr=10) | Accuracy: 70.30%
        [t] Epoch 121 completed in 42.48 seconds |  Loss: 1.7599 | Accuracy: 70.30%
        [>] Test Loss: 1.9435 | Test Accuracy: 49.04%
[i] Epoch: 122 | Batch: 48/48 [######### ] | Loss: 1.7091 | Batch Time: 0.32s (lr=10) | Accuracy: 70.21%
        [t] Epoch 122 completed in 41.11 seconds |  Loss: 1.7607 | Accuracy: 70.21%
        [>] Test Loss: 1.8434 | Test Accuracy: 59.85%
[i] Epoch: 123 | Batch: 48/48 [######### ] | Loss: 1.7572 | Batch Time: 0.49s (lr=10) | Accuracy: 70.63%
        [t] Epoch 123 completed in 40.80 seconds |  Loss: 1.7567 | Accuracy: 70.63%
        [>] Test Loss: 1.8024 | Test Accuracy: 65.44%
[i] Epoch: 124 | Batch: 48/48 [######### ] | Loss: 1.7596 | Batch Time: 0.35s (lr=10) | Accuracy: 69.09%
        [t] Epoch 124 completed in 42.21 seconds |  Loss: 1.7718 | Accuracy: 69.09%
        [>] Test Loss: 1.8543 | Test Accuracy: 59.48%
[i] Epoch: 125 | Batch: 48/48 [######### ] | Loss: 1.7067 | Batch Time: 0.37s (lr=10) | Accuracy: 70.70%
        [t] Epoch 125 completed in 42.73 seconds |  Loss: 1.7554 | Accuracy: 70.70%
        [>] Test Loss: 1.8352 | Test Accuracy: 61.33%
[i] Epoch: 126 | Batch: 48/48 [######### ] | Loss: 1.7699 | Batch Time: 0.69s (lr=10) | Accuracy: 69.33%
        [t] Epoch 126 completed in 42.54 seconds |  Loss: 1.7698 | Accuracy: 69.33%
        [>] Test Loss: 1.8749 | Test Accuracy: 58.33%
[i] Epoch: 127 | Batch: 48/48 [######### ] | Loss: 1.7418 | Batch Time: 0.36s (lr=10) | Accuracy: 68.21%
        [t] Epoch 127 completed in 40.05 seconds |  Loss: 1.7804 | Accuracy: 68.21%
        [>] Test Loss: 1.8082 | Test Accuracy: 64.48%
[i] Epoch: 128 | Batch: 48/48 [######### ] | Loss: 1.7377 | Batch Time: 0.38s (lr=10) | Accuracy: 70.12%
        [t] Epoch 128 completed in 42.18 seconds |  Loss: 1.7621 | Accuracy: 70.12%
        [>] Test Loss: 1.8281 | Test Accuracy: 62.48%
[i] Epoch: 129 | Batch: 48/48 [######### ] | Loss: 1.7500 | Batch Time: 0.46s (lr=10) | Accuracy: 70.25%
        [t] Epoch 129 completed in 43.37 seconds |  Loss: 1.7596 | Accuracy: 70.25%
        [>] Test Loss: 1.8096 | Test Accuracy: 63.56%
[i] Epoch: 130 | Batch: 48/48 [######### ] | Loss: 1.7481 | Batch Time: 0.43s (lr=10) | Accuracy: 70.79%
        [t] Epoch 130 completed in 43.27 seconds |  Loss: 1.7556 | Accuracy: 70.79%
        [>] Test Loss: 1.8240 | Test Accuracy: 63.37%
[i] Epoch: 131 | Batch: 48/48 [######### ] | Loss: 1.7069 | Batch Time: 0.70s (lr=10) | Accuracy: 71.00%
        [t] Epoch 131 completed in 40.99 seconds |  Loss: 1.7528 | Accuracy: 71.00%
        [>] Test Loss: 1.8769 | Test Accuracy: 57.30%
[i] Epoch: 132 | Batch: 48/48 [######### ] | Loss: 1.8087 | Batch Time: 0.59s (lr=10) | Accuracy: 70.23%
        [t] Epoch 132 completed in 40.09 seconds |  Loss: 1.7608 | Accuracy: 70.23%
        [>] Test Loss: 1.8438 | Test Accuracy: 60.67%
[i] Epoch: 133 | Batch: 48/48 [######### ] | Loss: 1.7499 | Batch Time: 0.51s (lr=10) | Accuracy: 71.33%
        [t] Epoch 133 completed in 41.39 seconds |  Loss: 1.7493 | Accuracy: 71.33%
        [>] Test Loss: 1.8206 | Test Accuracy: 62.48%
[i] Epoch: 134 | Batch: 48/48 [######### ] | Loss: 1.7288 | Batch Time: 0.54s (lr=10) | Accuracy: 70.93%
        [t] Epoch 134 completed in 41.80 seconds |  Loss: 1.7539 | Accuracy: 70.93%
        [>] Test Loss: 1.8179 | Test Accuracy: 62.74%
[i] Epoch: 135 | Batch: 48/48 [######### ] | Loss: 1.7134 | Batch Time: 0.68s (lr=10) | Accuracy: 71.54%
        [t] Epoch 135 completed in 41.31 seconds |  Loss: 1.7465 | Accuracy: 71.54%
        [>] Test Loss: 1.8092 | Test Accuracy: 64.44%
[i] Epoch: 136 | Batch: 48/48 [######### ] | Loss: 1.7021 | Batch Time: 0.50s (lr=10) | Accuracy: 71.60%
        [t] Epoch 136 completed in 40.48 seconds |  Loss: 1.7462 | Accuracy: 71.60%
        [>] Test Loss: 1.8783 | Test Accuracy: 56.70%
[i] Epoch: 137 | Batch: 48/48 [######### ] | Loss: 1.7335 | Batch Time: 0.49s (lr=10) | Accuracy: 71.43%
        [t] Epoch 137 completed in 39.83 seconds |  Loss: 1.7490 | Accuracy: 71.43%
        [>] Test Loss: 1.8724 | Test Accuracy: 58.00%
[i] Epoch: 138 | Batch: 48/48 [######### ] | Loss: 1.7078 | Batch Time: 0.40s (lr=10) | Accuracy: 70.68%
        [t] Epoch 138 completed in 41.95 seconds |  Loss: 1.7553 | Accuracy: 70.68%
        [>] Test Loss: 1.8761 | Test Accuracy: 56.78%
[i] Epoch: 139 | Batch: 48/48 [######### ] | Loss: 1.7652 | Batch Time: 0.50s (lr=10) | Accuracy: 70.68%
        [t] Epoch 139 completed in 43.80 seconds |  Loss: 1.7561 | Accuracy: 70.68%
        [>] Test Loss: 1.8623 | Test Accuracy: 58.41%
[i] Epoch: 140 | Batch: 48/48 [######### ] | Loss: 1.7147 | Batch Time: 0.43s (lr=10) | Accuracy: 71.34%
        [t] Epoch 140 completed in 43.73 seconds |  Loss: 1.7490 | Accuracy: 71.34%
        [>] Test Loss: 1.8041 | Test Accuracy: 64.81%
[i] Epoch: 141 | Batch: 48/48 [######### ] | Loss: 1.7916 | Batch Time: 0.44s (lr=10) | Accuracy: 71.42%
        [t] Epoch 141 completed in 41.56 seconds |  Loss: 1.7490 | Accuracy: 71.42%
        [>] Test Loss: 1.7928 | Test Accuracy: 66.33%
[i] Epoch: 142 | Batch: 48/48 [######### ] | Loss: 1.7007 | Batch Time: 0.48s (lr=10) | Accuracy: 71.94%
        [t] Epoch 142 completed in 40.59 seconds |  Loss: 1.7436 | Accuracy: 71.94%
        [>] Test Loss: 1.9199 | Test Accuracy: 53.07%
[i] Epoch: 143 | Batch: 48/48 [######### ] | Loss: 1.7922 | Batch Time: 0.52s (lr=10) | Accuracy: 69.69%
        [t] Epoch 143 completed in 40.19 seconds |  Loss: 1.7663 | Accuracy: 69.69%
        [>] Test Loss: 1.8193 | Test Accuracy: 62.74%
[i] Epoch: 144 | Batch: 48/48 [######### ] | Loss: 1.7381 | Batch Time: 0.68s (lr=10) | Accuracy: 71.80%
        [t] Epoch 144 completed in 40.69 seconds |  Loss: 1.7450 | Accuracy: 71.80%
        [>] Test Loss: 1.8706 | Test Accuracy: 57.89%
[i] Epoch: 145 | Batch: 48/48 [######### ] | Loss: 1.7404 | Batch Time: 0.47s (lr=10) | Accuracy: 71.25%
        [t] Epoch 145 completed in 40.54 seconds |  Loss: 1.7511 | Accuracy: 71.25%
        [>] Test Loss: 1.8170 | Test Accuracy: 63.78%
[i] Epoch: 146 | Batch: 48/48 [######### ] | Loss: 1.7345 | Batch Time: 0.57s (lr=10) | Accuracy: 71.39%
        [t] Epoch 146 completed in 39.05 seconds |  Loss: 1.7495 | Accuracy: 71.39%
        [>] Test Loss: 1.8990 | Test Accuracy: 54.41%
[i] Epoch: 147 | Batch: 48/48 [######### ] | Loss: 1.7234 | Batch Time: 0.46s (lr=10) | Accuracy: 71.93%
        [t] Epoch 147 completed in 40.92 seconds |  Loss: 1.7439 | Accuracy: 71.93%
        [>] Test Loss: 1.8237 | Test Accuracy: 62.07%
[i] Epoch: 148 | Batch: 48/48 [######### ] | Loss: 1.7138 | Batch Time: 0.48s (lr=10) | Accuracy: 71.93%
        [t] Epoch 148 completed in 44.13 seconds |  Loss: 1.7436 | Accuracy: 71.93%
        [>] Test Loss: 1.7943 | Test Accuracy: 65.44%
[i] Epoch: 149 | Batch: 48/48 [######### ] | Loss: 1.7539 | Batch Time: 0.46s (lr=10) | Accuracy: 71.34%
        [t] Epoch 149 completed in 43.14 seconds |  Loss: 1.7497 | Accuracy: 71.34%
        [>] Test Loss: 1.7808 | Test Accuracy: 67.11%